Determining if files usbhid.h exist failed with the following output:
Change Dir: /home/surender/Downloads/liquidfun-1.1.0/liquidfun/Box2D/build251/CMakeFiles/CMakeTmp

Run Build Command:/usr/bin/make "cmTryCompileExec3915465198/fast"
/usr/bin/make -f CMakeFiles/cmTryCompileExec3915465198.dir/build.make CMakeFiles/cmTryCompileExec3915465198.dir/build
make[1]: Entering directory `/home/surender/Downloads/liquidfun-1.1.0/liquidfun/Box2D/build251/CMakeFiles/CMakeTmp'
/usr/bin/cmake -E cmake_progress_report /home/surender/Downloads/liquidfun-1.1.0/liquidfun/Box2D/build251/CMakeFiles/CMakeTmp/CMakeFiles 1
Building C object CMakeFiles/cmTryCompileExec3915465198.dir/CheckIncludeFiles.c.o
/usr/bin/cc   -DDEBUG=0 -Wall -Werror -Wno-long-long -Wno-variadic-macros -Wall    -o CMakeFiles/cmTryCompileExec3915465198.dir/CheckIncludeFiles.c.o   -c /home/surender/Downloads/liquidfun-1.1.0/liquidfun/Box2D/build251/CMakeFiles/CMakeTmp/CheckIncludeFiles.c
/home/surender/Downloads/liquidfun-1.1.0/liquidfun/Box2D/build251/CMakeFiles/CMakeTmp/CheckIncludeFiles.c:2:20: fatal error: usbhid.h: No such file or directory
 #include <usbhid.h>
                    ^
compilation terminated.
make[1]: *** [CMakeFiles/cmTryCompileExec3915465198.dir/CheckIncludeFiles.c.o] Error 1
make[1]: Leaving directory `/home/surender/Downloads/liquidfun-1.1.0/liquidfun/Box2D/build251/CMakeFiles/CMakeTmp'
make: *** [cmTryCompileExec3915465198/fast] Error 2

Source:
/* */
#include <usbhid.h>


int main(){return 0;}

Determining if the function vfprintf exists failed with the following output:
Change Dir: /home/surender/Downloads/liquidfun-1.1.0/liquidfun/Box2D/build251/CMakeFiles/CMakeTmp

Run Build Command:/usr/bin/make "cmTryCompileExec3029932174/fast"
/usr/bin/make -f CMakeFiles/cmTryCompileExec3029932174.dir/build.make CMakeFiles/cmTryCompileExec3029932174.dir/build
make[1]: Entering directory `/home/surender/Downloads/liquidfun-1.1.0/liquidfun/Box2D/build251/CMakeFiles/CMakeTmp'
/usr/bin/cmake -E cmake_progress_report /home/surender/Downloads/liquidfun-1.1.0/liquidfun/Box2D/build251/CMakeFiles/CMakeTmp/CMakeFiles 1
Building C object CMakeFiles/cmTryCompileExec3029932174.dir/CheckFunctionExists.c.o
/usr/bin/cc   -DDEBUG=0 -Wall -Werror -Wno-long-long -Wno-variadic-macros -Wall -DCHECK_FUNCTION_EXISTS=vfprintf   -o CMakeFiles/cmTryCompileExec3029932174.dir/CheckFunctionExists.c.o   -c /usr/share/cmake-2.8/Modules/CheckFunctionExists.c
<command-line>:0:23: error: conflicting types for built-in function ‘vfprintf’ [-Werror]
/usr/share/cmake-2.8/Modules/CheckFunctionExists.c:3:6: note: in expansion of macro ‘CHECK_FUNCTION_EXISTS’
 char CHECK_FUNCTION_EXISTS();
      ^
cc1: all warnings being treated as errors
make[1]: *** [CMakeFiles/cmTryCompileExec3029932174.dir/CheckFunctionExists.c.o] Error 1
make[1]: Leaving directory `/home/surender/Downloads/liquidfun-1.1.0/liquidfun/Box2D/build251/CMakeFiles/CMakeTmp'
make: *** [cmTryCompileExec3029932174/fast] Error 2


Determining if the function _doprnt exists failed with the following output:
Change Dir: /home/surender/Downloads/liquidfun-1.1.0/liquidfun/Box2D/build251/CMakeFiles/CMakeTmp

Run Build Command:/usr/bin/make "cmTryCompileExec3602717890/fast"
/usr/bin/make -f CMakeFiles/cmTryCompileExec3602717890.dir/build.make CMakeFiles/cmTryCompileExec3602717890.dir/build
make[1]: Entering directory `/home/surender/Downloads/liquidfun-1.1.0/liquidfun/Box2D/build251/CMakeFiles/CMakeTmp'
/usr/bin/cmake -E cmake_progress_report /home/surender/Downloads/liquidfun-1.1.0/liquidfun/Box2D/build251/CMakeFiles/CMakeTmp/CMakeFiles 1
Building C object CMakeFiles/cmTryCompileExec3602717890.dir/CheckFunctionExists.c.o
/usr/bin/cc   -DDEBUG=0 -Wall -Werror -Wno-long-long -Wno-variadic-macros -Wall -DCHECK_FUNCTION_EXISTS=_doprnt   -o CMakeFiles/cmTryCompileExec3602717890.dir/CheckFunctionExists.c.o   -c /usr/share/cmake-2.8/Modules/CheckFunctionExists.c
Linking C executable cmTryCompileExec3602717890
/usr/bin/cmake -E cmake_link_script CMakeFiles/cmTryCompileExec3602717890.dir/link.txt --verbose=1
/usr/bin/cc   -DDEBUG=0 -Wall -Werror -Wno-long-long -Wno-variadic-macros -Wall -DCHECK_FUNCTION_EXISTS=_doprnt    CMakeFiles/cmTryCompileExec3602717890.dir/CheckFunctionExists.c.o  -o cmTryCompileExec3602717890 -rdynamic -lm 
CMakeFiles/cmTryCompileExec3602717890.dir/CheckFunctionExists.c.o: In function `main':
CheckFunctionExists.c:(.text+0x15): undefined reference to `_doprnt'
collect2: error: ld returned 1 exit status
make[1]: Leaving directory `/home/surender/Downloads/liquidfun-1.1.0/liquidfun/Box2D/build251/CMakeFiles/CMakeTmp'
make[1]: *** [cmTryCompileExec3602717890] Error 1
make: *** [cmTryCompileExec3602717890/fast] Error 2


Determining if the function XParseGeometry exists failed with the following output:
Change Dir: /home/surender/Downloads/liquidfun-1.1.0/liquidfun/Box2D/build251/CMakeFiles/CMakeTmp

Run Build Command:/usr/bin/make "cmTryCompileExec1247143875/fast"
/usr/bin/make -f CMakeFiles/cmTryCompileExec1247143875.dir/build.make CMakeFiles/cmTryCompileExec1247143875.dir/build
make[1]: Entering directory `/home/surender/Downloads/liquidfun-1.1.0/liquidfun/Box2D/build251/CMakeFiles/CMakeTmp'
/usr/bin/cmake -E cmake_progress_report /home/surender/Downloads/liquidfun-1.1.0/liquidfun/Box2D/build251/CMakeFiles/CMakeTmp/CMakeFiles 1
Building C object CMakeFiles/cmTryCompileExec1247143875.dir/CheckFunctionExists.c.o
/usr/bin/cc   -DDEBUG=0 -Wall -Werror -Wno-long-long -Wno-variadic-macros -Wall -DCHECK_FUNCTION_EXISTS=XParseGeometry   -o CMakeFiles/cmTryCompileExec1247143875.dir/CheckFunctionExists.c.o   -c /usr/share/cmake-2.8/Modules/CheckFunctionExists.c
Linking C executable cmTryCompileExec1247143875
/usr/bin/cmake -E cmake_link_script CMakeFiles/cmTryCompileExec1247143875.dir/link.txt --verbose=1
/usr/bin/cc   -DDEBUG=0 -Wall -Werror -Wno-long-long -Wno-variadic-macros -Wall -DCHECK_FUNCTION_EXISTS=XParseGeometry    CMakeFiles/cmTryCompileExec1247143875.dir/CheckFunctionExists.c.o  -o cmTryCompileExec1247143875 -rdynamic -lm 
CMakeFiles/cmTryCompileExec1247143875.dir/CheckFunctionExists.c.o: In function `main':
CheckFunctionExists.c:(.text+0x15): undefined reference to `XParseGeometry'
collect2: error: ld returned 1 exit status
make[1]: *** [cmTryCompileExec1247143875] Error 1
make[1]: Leaving directory `/home/surender/Downloads/liquidfun-1.1.0/liquidfun/Box2D/build251/CMakeFiles/CMakeTmp'
make: *** [cmTryCompileExec1247143875/fast] Error 2


Determining if the pthread_create exist failed with the following output:
Change Dir: /home/surender/Downloads/liquidfun-1.1.0/liquidfun/Box2D/build251/CMakeFiles/CMakeTmp

Run Build Command:/usr/bin/make "cmTryCompileExec1119266590/fast"
/usr/bin/make -f CMakeFiles/cmTryCompileExec1119266590.dir/build.make CMakeFiles/cmTryCompileExec1119266590.dir/build
make[1]: Entering directory `/home/surender/Downloads/liquidfun-1.1.0/liquidfun/Box2D/build251/CMakeFiles/CMakeTmp'
/usr/bin/cmake -E cmake_progress_report /home/surender/Downloads/liquidfun-1.1.0/liquidfun/Box2D/build251/CMakeFiles/CMakeTmp/CMakeFiles 1
Building C object CMakeFiles/cmTryCompileExec1119266590.dir/CheckSymbolExists.c.o
/usr/bin/cc   -DDEBUG=0 -Wall -Werror -Wno-long-long -Wno-variadic-macros    -o CMakeFiles/cmTryCompileExec1119266590.dir/CheckSymbolExists.c.o   -c /home/surender/Downloads/liquidfun-1.1.0/liquidfun/Box2D/build251/CMakeFiles/CMakeTmp/CheckSymbolExists.c
Linking C executable cmTryCompileExec1119266590
/usr/bin/cmake -E cmake_link_script CMakeFiles/cmTryCompileExec1119266590.dir/link.txt --verbose=1
/usr/bin/cc   -DDEBUG=0 -Wall -Werror -Wno-long-long -Wno-variadic-macros     CMakeFiles/cmTryCompileExec1119266590.dir/CheckSymbolExists.c.o  -o cmTryCompileExec1119266590 -rdynamic 
CMakeFiles/cmTryCompileExec1119266590.dir/CheckSymbolExists.c.o: In function `main':
CheckSymbolExists.c:(.text+0x16): undefined reference to `pthread_create'
collect2: error: ld returned 1 exit status
make[1]: Leaving directory `/home/surender/Downloads/liquidfun-1.1.0/liquidfun/Box2D/build251/CMakeFiles/CMakeTmp'
make[1]: *** [cmTryCompileExec1119266590] Error 1
make: *** [cmTryCompileExec1119266590/fast] Error 2

File /home/surender/Downloads/liquidfun-1.1.0/liquidfun/Box2D/build251/CMakeFiles/CMakeTmp/CheckSymbolExists.c:
/* */
#include <pthread.h>

int main(int argc, char** argv)
{
  (void)argv;
#ifndef pthread_create
  return ((int*)(&pthread_create))[argc];
#else
  (void)argc;
  return 0;
#endif
}

Determining if the function pthread_create exists in the pthreads failed with the following output:
Change Dir: /home/surender/Downloads/liquidfun-1.1.0/liquidfun/Box2D/build251/CMakeFiles/CMakeTmp

Run Build Command:/usr/bin/make "cmTryCompileExec3470327279/fast"
/usr/bin/make -f CMakeFiles/cmTryCompileExec3470327279.dir/build.make CMakeFiles/cmTryCompileExec3470327279.dir/build
make[1]: Entering directory `/home/surender/Downloads/liquidfun-1.1.0/liquidfun/Box2D/build251/CMakeFiles/CMakeTmp'
/usr/bin/cmake -E cmake_progress_report /home/surender/Downloads/liquidfun-1.1.0/liquidfun/Box2D/build251/CMakeFiles/CMakeTmp/CMakeFiles 1
Building C object CMakeFiles/cmTryCompileExec3470327279.dir/CheckFunctionExists.c.o
/usr/bin/cc   -DDEBUG=0 -Wall -Werror -Wno-long-long -Wno-variadic-macros -DCHECK_FUNCTION_EXISTS=pthread_create   -o CMakeFiles/cmTryCompileExec3470327279.dir/CheckFunctionExists.c.o   -c /usr/share/cmake-2.8/Modules/CheckFunctionExists.c
Linking C executable cmTryCompileExec3470327279
/usr/bin/cmake -E cmake_link_script CMakeFiles/cmTryCompileExec3470327279.dir/link.txt --verbose=1
/usr/bin/cc   -DDEBUG=0 -Wall -Werror -Wno-long-long -Wno-variadic-macros -DCHECK_FUNCTION_EXISTS=pthread_create    CMakeFiles/cmTryCompileExec3470327279.dir/CheckFunctionExists.c.o  -o cmTryCompileExec3470327279 -rdynamic -lpthreads 
/usr/bin/ld: cannot find -lpthreads
collect2: error: ld returned 1 exit status
make[1]: Leaving directory `/home/surender/Downloads/liquidfun-1.1.0/liquidfun/Box2D/build251/CMakeFiles/CMakeTmp'
make[1]: *** [cmTryCompileExec3470327279] Error 1
make: *** [cmTryCompileExec3470327279/fast] Error 2


