The system is: Linux - 3.19.0-30-generic - x86_64
Compiling the C compiler identification source file "CMakeCCompilerId.c" succeeded.
Compiler: /usr/bin/cc 
Build flags: 
Id flags: 

The output was:
0


Compilation of the C compiler identification source "CMakeCCompilerId.c" produced "a.out"

The C compiler identification is GNU, found in "/home/surender/Downloads/liquidfun-1.1.0/liquidfun/Box2D/build251/CMakeFiles/2.8.12.2/CompilerIdC/a.out"

Compiling the CXX compiler identification source file "CMakeCXXCompilerId.cpp" succeeded.
Compiler: /usr/bin/c++ 
Build flags: 
Id flags: 

The output was:
0


Compilation of the CXX compiler identification source "CMakeCXXCompilerId.cpp" produced "a.out"

The CXX compiler identification is GNU, found in "/home/surender/Downloads/liquidfun-1.1.0/liquidfun/Box2D/build251/CMakeFiles/2.8.12.2/CompilerIdCXX/a.out"

Determining if the C compiler works passed with the following output:
Change Dir: /home/surender/Downloads/liquidfun-1.1.0/liquidfun/Box2D/build251/CMakeFiles/CMakeTmp

Run Build Command:/usr/bin/make "cmTryCompileExec796555137/fast"
/usr/bin/make -f CMakeFiles/cmTryCompileExec796555137.dir/build.make CMakeFiles/cmTryCompileExec796555137.dir/build
make[1]: Entering directory `/home/surender/Downloads/liquidfun-1.1.0/liquidfun/Box2D/build251/CMakeFiles/CMakeTmp'
/usr/bin/cmake -E cmake_progress_report /home/surender/Downloads/liquidfun-1.1.0/liquidfun/Box2D/build251/CMakeFiles/CMakeTmp/CMakeFiles 1
Building C object CMakeFiles/cmTryCompileExec796555137.dir/testCCompiler.c.o
/usr/bin/cc    -o CMakeFiles/cmTryCompileExec796555137.dir/testCCompiler.c.o   -c /home/surender/Downloads/liquidfun-1.1.0/liquidfun/Box2D/build251/CMakeFiles/CMakeTmp/testCCompiler.c
Linking C executable cmTryCompileExec796555137
/usr/bin/cmake -E cmake_link_script CMakeFiles/cmTryCompileExec796555137.dir/link.txt --verbose=1
/usr/bin/cc       CMakeFiles/cmTryCompileExec796555137.dir/testCCompiler.c.o  -o cmTryCompileExec796555137 -rdynamic 
make[1]: Leaving directory `/home/surender/Downloads/liquidfun-1.1.0/liquidfun/Box2D/build251/CMakeFiles/CMakeTmp'


Detecting C compiler ABI info compiled with the following output:
Change Dir: /home/surender/Downloads/liquidfun-1.1.0/liquidfun/Box2D/build251/CMakeFiles/CMakeTmp

Run Build Command:/usr/bin/make "cmTryCompileExec2956920706/fast"
/usr/bin/make -f CMakeFiles/cmTryCompileExec2956920706.dir/build.make CMakeFiles/cmTryCompileExec2956920706.dir/build
make[1]: Entering directory `/home/surender/Downloads/liquidfun-1.1.0/liquidfun/Box2D/build251/CMakeFiles/CMakeTmp'
/usr/bin/cmake -E cmake_progress_report /home/surender/Downloads/liquidfun-1.1.0/liquidfun/Box2D/build251/CMakeFiles/CMakeTmp/CMakeFiles 1
Building C object CMakeFiles/cmTryCompileExec2956920706.dir/CMakeCCompilerABI.c.o
/usr/bin/cc    -o CMakeFiles/cmTryCompileExec2956920706.dir/CMakeCCompilerABI.c.o   -c /usr/share/cmake-2.8/Modules/CMakeCCompilerABI.c
Linking C executable cmTryCompileExec2956920706
/usr/bin/cmake -E cmake_link_script CMakeFiles/cmTryCompileExec2956920706.dir/link.txt --verbose=1
/usr/bin/cc     -v CMakeFiles/cmTryCompileExec2956920706.dir/CMakeCCompilerABI.c.o  -o cmTryCompileExec2956920706 -rdynamic  
Using built-in specs.
COLLECT_GCC=/usr/bin/cc
COLLECT_LTO_WRAPPER=/usr/lib/gcc/x86_64-linux-gnu/4.8/lto-wrapper
Target: x86_64-linux-gnu
Configured with: ../src/configure -v --with-pkgversion='Ubuntu 4.8.4-2ubuntu1~14.04' --with-bugurl=file:///usr/share/doc/gcc-4.8/README.Bugs --enable-languages=c,c++,java,go,d,fortran,objc,obj-c++ --prefix=/usr --program-suffix=-4.8 --enable-shared --enable-linker-build-id --libexecdir=/usr/lib --without-included-gettext --enable-threads=posix --with-gxx-include-dir=/usr/include/c++/4.8 --libdir=/usr/lib --enable-nls --with-sysroot=/ --enable-clocale=gnu --enable-libstdcxx-debug --enable-libstdcxx-time=yes --enable-gnu-unique-object --disable-libmudflap --enable-plugin --with-system-zlib --disable-browser-plugin --enable-java-awt=gtk --enable-gtk-cairo --with-java-home=/usr/lib/jvm/java-1.5.0-gcj-4.8-amd64/jre --enable-java-home --with-jvm-root-dir=/usr/lib/jvm/java-1.5.0-gcj-4.8-amd64 --with-jvm-jar-dir=/usr/lib/jvm-exports/java-1.5.0-gcj-4.8-amd64 --with-arch-directory=amd64 --with-ecj-jar=/usr/share/java/eclipse-ecj.jar --enable-objc-gc --enable-multiarch --disable-werror --with-arch-32=i686 --with-abi=m64 --with-multilib-list=m32,m64,mx32 --with-tune=generic --enable-checking=release --build=x86_64-linux-gnu --host=x86_64-linux-gnu --target=x86_64-linux-gnu
Thread model: posix
gcc version 4.8.4 (Ubuntu 4.8.4-2ubuntu1~14.04) 
COMPILER_PATH=/usr/lib/gcc/x86_64-linux-gnu/4.8/:/usr/lib/gcc/x86_64-linux-gnu/4.8/:/usr/lib/gcc/x86_64-linux-gnu/:/usr/lib/gcc/x86_64-linux-gnu/4.8/:/usr/lib/gcc/x86_64-linux-gnu/
LIBRARY_PATH=/usr/lib/gcc/x86_64-linux-gnu/4.8/:/usr/lib/gcc/x86_64-linux-gnu/4.8/../../../x86_64-linux-gnu/:/usr/lib/gcc/x86_64-linux-gnu/4.8/../../../../lib/:/lib/x86_64-linux-gnu/:/lib/../lib/:/usr/lib/x86_64-linux-gnu/:/usr/lib/../lib/:/usr/lib/gcc/x86_64-linux-gnu/4.8/../../../:/lib/:/usr/lib/
COLLECT_GCC_OPTIONS='-v' '-o' 'cmTryCompileExec2956920706' '-rdynamic' '-mtune=generic' '-march=x86-64'
 /usr/lib/gcc/x86_64-linux-gnu/4.8/collect2 --sysroot=/ --build-id --eh-frame-hdr -m elf_x86_64 --hash-style=gnu --as-needed -export-dynamic -dynamic-linker /lib64/ld-linux-x86-64.so.2 -z relro -o cmTryCompileExec2956920706 /usr/lib/gcc/x86_64-linux-gnu/4.8/../../../x86_64-linux-gnu/crt1.o /usr/lib/gcc/x86_64-linux-gnu/4.8/../../../x86_64-linux-gnu/crti.o /usr/lib/gcc/x86_64-linux-gnu/4.8/crtbegin.o -L/usr/lib/gcc/x86_64-linux-gnu/4.8 -L/usr/lib/gcc/x86_64-linux-gnu/4.8/../../../x86_64-linux-gnu -L/usr/lib/gcc/x86_64-linux-gnu/4.8/../../../../lib -L/lib/x86_64-linux-gnu -L/lib/../lib -L/usr/lib/x86_64-linux-gnu -L/usr/lib/../lib -L/usr/lib/gcc/x86_64-linux-gnu/4.8/../../.. CMakeFiles/cmTryCompileExec2956920706.dir/CMakeCCompilerABI.c.o -lgcc --as-needed -lgcc_s --no-as-needed -lc -lgcc --as-needed -lgcc_s --no-as-needed /usr/lib/gcc/x86_64-linux-gnu/4.8/crtend.o /usr/lib/gcc/x86_64-linux-gnu/4.8/../../../x86_64-linux-gnu/crtn.o
make[1]: Leaving directory `/home/surender/Downloads/liquidfun-1.1.0/liquidfun/Box2D/build251/CMakeFiles/CMakeTmp'


Parsed C implicit link information from above output:
  link line regex: [^( *|.*[/\])(ld|([^/\]+-)?ld|collect2)[^/\]*( |$)]
  ignore line: [Change Dir: /home/surender/Downloads/liquidfun-1.1.0/liquidfun/Box2D/build251/CMakeFiles/CMakeTmp]
  ignore line: []
  ignore line: [Run Build Command:/usr/bin/make "cmTryCompileExec2956920706/fast"]
  ignore line: [/usr/bin/make -f CMakeFiles/cmTryCompileExec2956920706.dir/build.make CMakeFiles/cmTryCompileExec2956920706.dir/build]
  ignore line: [make[1]: Entering directory `/home/surender/Downloads/liquidfun-1.1.0/liquidfun/Box2D/build251/CMakeFiles/CMakeTmp']
  ignore line: [/usr/bin/cmake -E cmake_progress_report /home/surender/Downloads/liquidfun-1.1.0/liquidfun/Box2D/build251/CMakeFiles/CMakeTmp/CMakeFiles 1]
  ignore line: [Building C object CMakeFiles/cmTryCompileExec2956920706.dir/CMakeCCompilerABI.c.o]
  ignore line: [/usr/bin/cc    -o CMakeFiles/cmTryCompileExec2956920706.dir/CMakeCCompilerABI.c.o   -c /usr/share/cmake-2.8/Modules/CMakeCCompilerABI.c]
  ignore line: [Linking C executable cmTryCompileExec2956920706]
  ignore line: [/usr/bin/cmake -E cmake_link_script CMakeFiles/cmTryCompileExec2956920706.dir/link.txt --verbose=1]
  ignore line: [/usr/bin/cc     -v CMakeFiles/cmTryCompileExec2956920706.dir/CMakeCCompilerABI.c.o  -o cmTryCompileExec2956920706 -rdynamic  ]
  ignore line: [Using built-in specs.]
  ignore line: [COLLECT_GCC=/usr/bin/cc]
  ignore line: [COLLECT_LTO_WRAPPER=/usr/lib/gcc/x86_64-linux-gnu/4.8/lto-wrapper]
  ignore line: [Target: x86_64-linux-gnu]
  ignore line: [Configured with: ../src/configure -v --with-pkgversion='Ubuntu 4.8.4-2ubuntu1~14.04' --with-bugurl=file:///usr/share/doc/gcc-4.8/README.Bugs --enable-languages=c,c++,java,go,d,fortran,objc,obj-c++ --prefix=/usr --program-suffix=-4.8 --enable-shared --enable-linker-build-id --libexecdir=/usr/lib --without-included-gettext --enable-threads=posix --with-gxx-include-dir=/usr/include/c++/4.8 --libdir=/usr/lib --enable-nls --with-sysroot=/ --enable-clocale=gnu --enable-libstdcxx-debug --enable-libstdcxx-time=yes --enable-gnu-unique-object --disable-libmudflap --enable-plugin --with-system-zlib --disable-browser-plugin --enable-java-awt=gtk --enable-gtk-cairo --with-java-home=/usr/lib/jvm/java-1.5.0-gcj-4.8-amd64/jre --enable-java-home --with-jvm-root-dir=/usr/lib/jvm/java-1.5.0-gcj-4.8-amd64 --with-jvm-jar-dir=/usr/lib/jvm-exports/java-1.5.0-gcj-4.8-amd64 --with-arch-directory=amd64 --with-ecj-jar=/usr/share/java/eclipse-ecj.jar --enable-objc-gc --enable-multiarch --disable-werror --with-arch-32=i686 --with-abi=m64 --with-multilib-list=m32,m64,mx32 --with-tune=generic --enable-checking=release --build=x86_64-linux-gnu --host=x86_64-linux-gnu --target=x86_64-linux-gnu]
  ignore line: [Thread model: posix]
  ignore line: [gcc version 4.8.4 (Ubuntu 4.8.4-2ubuntu1~14.04) ]
  ignore line: [COMPILER_PATH=/usr/lib/gcc/x86_64-linux-gnu/4.8/:/usr/lib/gcc/x86_64-linux-gnu/4.8/:/usr/lib/gcc/x86_64-linux-gnu/:/usr/lib/gcc/x86_64-linux-gnu/4.8/:/usr/lib/gcc/x86_64-linux-gnu/]
  ignore line: [LIBRARY_PATH=/usr/lib/gcc/x86_64-linux-gnu/4.8/:/usr/lib/gcc/x86_64-linux-gnu/4.8/../../../x86_64-linux-gnu/:/usr/lib/gcc/x86_64-linux-gnu/4.8/../../../../lib/:/lib/x86_64-linux-gnu/:/lib/../lib/:/usr/lib/x86_64-linux-gnu/:/usr/lib/../lib/:/usr/lib/gcc/x86_64-linux-gnu/4.8/../../../:/lib/:/usr/lib/]
  ignore line: [COLLECT_GCC_OPTIONS='-v' '-o' 'cmTryCompileExec2956920706' '-rdynamic' '-mtune=generic' '-march=x86-64']
  link line: [ /usr/lib/gcc/x86_64-linux-gnu/4.8/collect2 --sysroot=/ --build-id --eh-frame-hdr -m elf_x86_64 --hash-style=gnu --as-needed -export-dynamic -dynamic-linker /lib64/ld-linux-x86-64.so.2 -z relro -o cmTryCompileExec2956920706 /usr/lib/gcc/x86_64-linux-gnu/4.8/../../../x86_64-linux-gnu/crt1.o /usr/lib/gcc/x86_64-linux-gnu/4.8/../../../x86_64-linux-gnu/crti.o /usr/lib/gcc/x86_64-linux-gnu/4.8/crtbegin.o -L/usr/lib/gcc/x86_64-linux-gnu/4.8 -L/usr/lib/gcc/x86_64-linux-gnu/4.8/../../../x86_64-linux-gnu -L/usr/lib/gcc/x86_64-linux-gnu/4.8/../../../../lib -L/lib/x86_64-linux-gnu -L/lib/../lib -L/usr/lib/x86_64-linux-gnu -L/usr/lib/../lib -L/usr/lib/gcc/x86_64-linux-gnu/4.8/../../.. CMakeFiles/cmTryCompileExec2956920706.dir/CMakeCCompilerABI.c.o -lgcc --as-needed -lgcc_s --no-as-needed -lc -lgcc --as-needed -lgcc_s --no-as-needed /usr/lib/gcc/x86_64-linux-gnu/4.8/crtend.o /usr/lib/gcc/x86_64-linux-gnu/4.8/../../../x86_64-linux-gnu/crtn.o]
    arg [/usr/lib/gcc/x86_64-linux-gnu/4.8/collect2] ==> ignore
    arg [--sysroot=/] ==> ignore
    arg [--build-id] ==> ignore
    arg [--eh-frame-hdr] ==> ignore
    arg [-m] ==> ignore
    arg [elf_x86_64] ==> ignore
    arg [--hash-style=gnu] ==> ignore
    arg [--as-needed] ==> ignore
    arg [-export-dynamic] ==> ignore
    arg [-dynamic-linker] ==> ignore
    arg [/lib64/ld-linux-x86-64.so.2] ==> ignore
    arg [-zrelro] ==> ignore
    arg [-o] ==> ignore
    arg [cmTryCompileExec2956920706] ==> ignore
    arg [/usr/lib/gcc/x86_64-linux-gnu/4.8/../../../x86_64-linux-gnu/crt1.o] ==> ignore
    arg [/usr/lib/gcc/x86_64-linux-gnu/4.8/../../../x86_64-linux-gnu/crti.o] ==> ignore
    arg [/usr/lib/gcc/x86_64-linux-gnu/4.8/crtbegin.o] ==> ignore
    arg [-L/usr/lib/gcc/x86_64-linux-gnu/4.8] ==> dir [/usr/lib/gcc/x86_64-linux-gnu/4.8]
    arg [-L/usr/lib/gcc/x86_64-linux-gnu/4.8/../../../x86_64-linux-gnu] ==> dir [/usr/lib/gcc/x86_64-linux-gnu/4.8/../../../x86_64-linux-gnu]
    arg [-L/usr/lib/gcc/x86_64-linux-gnu/4.8/../../../../lib] ==> dir [/usr/lib/gcc/x86_64-linux-gnu/4.8/../../../../lib]
    arg [-L/lib/x86_64-linux-gnu] ==> dir [/lib/x86_64-linux-gnu]
    arg [-L/lib/../lib] ==> dir [/lib/../lib]
    arg [-L/usr/lib/x86_64-linux-gnu] ==> dir [/usr/lib/x86_64-linux-gnu]
    arg [-L/usr/lib/../lib] ==> dir [/usr/lib/../lib]
    arg [-L/usr/lib/gcc/x86_64-linux-gnu/4.8/../../..] ==> dir [/usr/lib/gcc/x86_64-linux-gnu/4.8/../../..]
    arg [CMakeFiles/cmTryCompileExec2956920706.dir/CMakeCCompilerABI.c.o] ==> ignore
    arg [-lgcc] ==> lib [gcc]
    arg [--as-needed] ==> ignore
    arg [-lgcc_s] ==> lib [gcc_s]
    arg [--no-as-needed] ==> ignore
    arg [-lc] ==> lib [c]
    arg [-lgcc] ==> lib [gcc]
    arg [--as-needed] ==> ignore
    arg [-lgcc_s] ==> lib [gcc_s]
    arg [--no-as-needed] ==> ignore
    arg [/usr/lib/gcc/x86_64-linux-gnu/4.8/crtend.o] ==> ignore
    arg [/usr/lib/gcc/x86_64-linux-gnu/4.8/../../../x86_64-linux-gnu/crtn.o] ==> ignore
  remove lib [gcc]
  remove lib [gcc_s]
  remove lib [gcc]
  remove lib [gcc_s]
  collapse library dir [/usr/lib/gcc/x86_64-linux-gnu/4.8] ==> [/usr/lib/gcc/x86_64-linux-gnu/4.8]
  collapse library dir [/usr/lib/gcc/x86_64-linux-gnu/4.8/../../../x86_64-linux-gnu] ==> [/usr/lib/x86_64-linux-gnu]
  collapse library dir [/usr/lib/gcc/x86_64-linux-gnu/4.8/../../../../lib] ==> [/usr/lib]
  collapse library dir [/lib/x86_64-linux-gnu] ==> [/lib/x86_64-linux-gnu]
  collapse library dir [/lib/../lib] ==> [/lib]
  collapse library dir [/usr/lib/x86_64-linux-gnu] ==> [/usr/lib/x86_64-linux-gnu]
  collapse library dir [/usr/lib/../lib] ==> [/usr/lib]
  collapse library dir [/usr/lib/gcc/x86_64-linux-gnu/4.8/../../..] ==> [/usr/lib]
  implicit libs: [c]
  implicit dirs: [/usr/lib/gcc/x86_64-linux-gnu/4.8;/usr/lib/x86_64-linux-gnu;/usr/lib;/lib/x86_64-linux-gnu;/lib]
  implicit fwks: []


Determining if the CXX compiler works passed with the following output:
Change Dir: /home/surender/Downloads/liquidfun-1.1.0/liquidfun/Box2D/build251/CMakeFiles/CMakeTmp

Run Build Command:/usr/bin/make "cmTryCompileExec1605289411/fast"
/usr/bin/make -f CMakeFiles/cmTryCompileExec1605289411.dir/build.make CMakeFiles/cmTryCompileExec1605289411.dir/build
make[1]: Entering directory `/home/surender/Downloads/liquidfun-1.1.0/liquidfun/Box2D/build251/CMakeFiles/CMakeTmp'
/usr/bin/cmake -E cmake_progress_report /home/surender/Downloads/liquidfun-1.1.0/liquidfun/Box2D/build251/CMakeFiles/CMakeTmp/CMakeFiles 1
Building CXX object CMakeFiles/cmTryCompileExec1605289411.dir/testCXXCompiler.cxx.o
/usr/bin/c++     -o CMakeFiles/cmTryCompileExec1605289411.dir/testCXXCompiler.cxx.o -c /home/surender/Downloads/liquidfun-1.1.0/liquidfun/Box2D/build251/CMakeFiles/CMakeTmp/testCXXCompiler.cxx
Linking CXX executable cmTryCompileExec1605289411
/usr/bin/cmake -E cmake_link_script CMakeFiles/cmTryCompileExec1605289411.dir/link.txt --verbose=1
/usr/bin/c++        CMakeFiles/cmTryCompileExec1605289411.dir/testCXXCompiler.cxx.o  -o cmTryCompileExec1605289411 -rdynamic 
make[1]: Leaving directory `/home/surender/Downloads/liquidfun-1.1.0/liquidfun/Box2D/build251/CMakeFiles/CMakeTmp'


Detecting CXX compiler ABI info compiled with the following output:
Change Dir: /home/surender/Downloads/liquidfun-1.1.0/liquidfun/Box2D/build251/CMakeFiles/CMakeTmp

Run Build Command:/usr/bin/make "cmTryCompileExec3551952422/fast"
/usr/bin/make -f CMakeFiles/cmTryCompileExec3551952422.dir/build.make CMakeFiles/cmTryCompileExec3551952422.dir/build
make[1]: Entering directory `/home/surender/Downloads/liquidfun-1.1.0/liquidfun/Box2D/build251/CMakeFiles/CMakeTmp'
/usr/bin/cmake -E cmake_progress_report /home/surender/Downloads/liquidfun-1.1.0/liquidfun/Box2D/build251/CMakeFiles/CMakeTmp/CMakeFiles 1
Building CXX object CMakeFiles/cmTryCompileExec3551952422.dir/CMakeCXXCompilerABI.cpp.o
/usr/bin/c++     -o CMakeFiles/cmTryCompileExec3551952422.dir/CMakeCXXCompilerABI.cpp.o -c /usr/share/cmake-2.8/Modules/CMakeCXXCompilerABI.cpp
Linking CXX executable cmTryCompileExec3551952422
/usr/bin/cmake -E cmake_link_script CMakeFiles/cmTryCompileExec3551952422.dir/link.txt --verbose=1
/usr/bin/c++      -v CMakeFiles/cmTryCompileExec3551952422.dir/CMakeCXXCompilerABI.cpp.o  -o cmTryCompileExec3551952422 -rdynamic  
Using built-in specs.
COLLECT_GCC=/usr/bin/c++
COLLECT_LTO_WRAPPER=/usr/lib/gcc/x86_64-linux-gnu/4.8/lto-wrapper
Target: x86_64-linux-gnu
Configured with: ../src/configure -v --with-pkgversion='Ubuntu 4.8.4-2ubuntu1~14.04' --with-bugurl=file:///usr/share/doc/gcc-4.8/README.Bugs --enable-languages=c,c++,java,go,d,fortran,objc,obj-c++ --prefix=/usr --program-suffix=-4.8 --enable-shared --enable-linker-build-id --libexecdir=/usr/lib --without-included-gettext --enable-threads=posix --with-gxx-include-dir=/usr/include/c++/4.8 --libdir=/usr/lib --enable-nls --with-sysroot=/ --enable-clocale=gnu --enable-libstdcxx-debug --enable-libstdcxx-time=yes --enable-gnu-unique-object --disable-libmudflap --enable-plugin --with-system-zlib --disable-browser-plugin --enable-java-awt=gtk --enable-gtk-cairo --with-java-home=/usr/lib/jvm/java-1.5.0-gcj-4.8-amd64/jre --enable-java-home --with-jvm-root-dir=/usr/lib/jvm/java-1.5.0-gcj-4.8-amd64 --with-jvm-jar-dir=/usr/lib/jvm-exports/java-1.5.0-gcj-4.8-amd64 --with-arch-directory=amd64 --with-ecj-jar=/usr/share/java/eclipse-ecj.jar --enable-objc-gc --enable-multiarch --disable-werror --with-arch-32=i686 --with-abi=m64 --with-multilib-list=m32,m64,mx32 --with-tune=generic --enable-checking=release --build=x86_64-linux-gnu --host=x86_64-linux-gnu --target=x86_64-linux-gnu
Thread model: posix
gcc version 4.8.4 (Ubuntu 4.8.4-2ubuntu1~14.04) 
COMPILER_PATH=/usr/lib/gcc/x86_64-linux-gnu/4.8/:/usr/lib/gcc/x86_64-linux-gnu/4.8/:/usr/lib/gcc/x86_64-linux-gnu/:/usr/lib/gcc/x86_64-linux-gnu/4.8/:/usr/lib/gcc/x86_64-linux-gnu/
LIBRARY_PATH=/usr/lib/gcc/x86_64-linux-gnu/4.8/:/usr/lib/gcc/x86_64-linux-gnu/4.8/../../../x86_64-linux-gnu/:/usr/lib/gcc/x86_64-linux-gnu/4.8/../../../../lib/:/lib/x86_64-linux-gnu/:/lib/../lib/:/usr/lib/x86_64-linux-gnu/:/usr/lib/../lib/:/usr/lib/gcc/x86_64-linux-gnu/4.8/../../../:/lib/:/usr/lib/
COLLECT_GCC_OPTIONS='-v' '-o' 'cmTryCompileExec3551952422' '-rdynamic' '-shared-libgcc' '-mtune=generic' '-march=x86-64'
 /usr/lib/gcc/x86_64-linux-gnu/4.8/collect2 --sysroot=/ --build-id --eh-frame-hdr -m elf_x86_64 --hash-style=gnu --as-needed -export-dynamic -dynamic-linker /lib64/ld-linux-x86-64.so.2 -z relro -o cmTryCompileExec3551952422 /usr/lib/gcc/x86_64-linux-gnu/4.8/../../../x86_64-linux-gnu/crt1.o /usr/lib/gcc/x86_64-linux-gnu/4.8/../../../x86_64-linux-gnu/crti.o /usr/lib/gcc/x86_64-linux-gnu/4.8/crtbegin.o -L/usr/lib/gcc/x86_64-linux-gnu/4.8 -L/usr/lib/gcc/x86_64-linux-gnu/4.8/../../../x86_64-linux-gnu -L/usr/lib/gcc/x86_64-linux-gnu/4.8/../../../../lib -L/lib/x86_64-linux-gnu -L/lib/../lib -L/usr/lib/x86_64-linux-gnu -L/usr/lib/../lib -L/usr/lib/gcc/x86_64-linux-gnu/4.8/../../.. CMakeFiles/cmTryCompileExec3551952422.dir/CMakeCXXCompilerABI.cpp.o -lstdc++ -lm -lgcc_s -lgcc -lc -lgcc_s -lgcc /usr/lib/gcc/x86_64-linux-gnu/4.8/crtend.o /usr/lib/gcc/x86_64-linux-gnu/4.8/../../../x86_64-linux-gnu/crtn.o
make[1]: Leaving directory `/home/surender/Downloads/liquidfun-1.1.0/liquidfun/Box2D/build251/CMakeFiles/CMakeTmp'


Parsed CXX implicit link information from above output:
  link line regex: [^( *|.*[/\])(ld|([^/\]+-)?ld|collect2)[^/\]*( |$)]
  ignore line: [Change Dir: /home/surender/Downloads/liquidfun-1.1.0/liquidfun/Box2D/build251/CMakeFiles/CMakeTmp]
  ignore line: []
  ignore line: [Run Build Command:/usr/bin/make "cmTryCompileExec3551952422/fast"]
  ignore line: [/usr/bin/make -f CMakeFiles/cmTryCompileExec3551952422.dir/build.make CMakeFiles/cmTryCompileExec3551952422.dir/build]
  ignore line: [make[1]: Entering directory `/home/surender/Downloads/liquidfun-1.1.0/liquidfun/Box2D/build251/CMakeFiles/CMakeTmp']
  ignore line: [/usr/bin/cmake -E cmake_progress_report /home/surender/Downloads/liquidfun-1.1.0/liquidfun/Box2D/build251/CMakeFiles/CMakeTmp/CMakeFiles 1]
  ignore line: [Building CXX object CMakeFiles/cmTryCompileExec3551952422.dir/CMakeCXXCompilerABI.cpp.o]
  ignore line: [/usr/bin/c++     -o CMakeFiles/cmTryCompileExec3551952422.dir/CMakeCXXCompilerABI.cpp.o -c /usr/share/cmake-2.8/Modules/CMakeCXXCompilerABI.cpp]
  ignore line: [Linking CXX executable cmTryCompileExec3551952422]
  ignore line: [/usr/bin/cmake -E cmake_link_script CMakeFiles/cmTryCompileExec3551952422.dir/link.txt --verbose=1]
  ignore line: [/usr/bin/c++      -v CMakeFiles/cmTryCompileExec3551952422.dir/CMakeCXXCompilerABI.cpp.o  -o cmTryCompileExec3551952422 -rdynamic  ]
  ignore line: [Using built-in specs.]
  ignore line: [COLLECT_GCC=/usr/bin/c++]
  ignore line: [COLLECT_LTO_WRAPPER=/usr/lib/gcc/x86_64-linux-gnu/4.8/lto-wrapper]
  ignore line: [Target: x86_64-linux-gnu]
  ignore line: [Configured with: ../src/configure -v --with-pkgversion='Ubuntu 4.8.4-2ubuntu1~14.04' --with-bugurl=file:///usr/share/doc/gcc-4.8/README.Bugs --enable-languages=c,c++,java,go,d,fortran,objc,obj-c++ --prefix=/usr --program-suffix=-4.8 --enable-shared --enable-linker-build-id --libexecdir=/usr/lib --without-included-gettext --enable-threads=posix --with-gxx-include-dir=/usr/include/c++/4.8 --libdir=/usr/lib --enable-nls --with-sysroot=/ --enable-clocale=gnu --enable-libstdcxx-debug --enable-libstdcxx-time=yes --enable-gnu-unique-object --disable-libmudflap --enable-plugin --with-system-zlib --disable-browser-plugin --enable-java-awt=gtk --enable-gtk-cairo --with-java-home=/usr/lib/jvm/java-1.5.0-gcj-4.8-amd64/jre --enable-java-home --with-jvm-root-dir=/usr/lib/jvm/java-1.5.0-gcj-4.8-amd64 --with-jvm-jar-dir=/usr/lib/jvm-exports/java-1.5.0-gcj-4.8-amd64 --with-arch-directory=amd64 --with-ecj-jar=/usr/share/java/eclipse-ecj.jar --enable-objc-gc --enable-multiarch --disable-werror --with-arch-32=i686 --with-abi=m64 --with-multilib-list=m32,m64,mx32 --with-tune=generic --enable-checking=release --build=x86_64-linux-gnu --host=x86_64-linux-gnu --target=x86_64-linux-gnu]
  ignore line: [Thread model: posix]
  ignore line: [gcc version 4.8.4 (Ubuntu 4.8.4-2ubuntu1~14.04) ]
  ignore line: [COMPILER_PATH=/usr/lib/gcc/x86_64-linux-gnu/4.8/:/usr/lib/gcc/x86_64-linux-gnu/4.8/:/usr/lib/gcc/x86_64-linux-gnu/:/usr/lib/gcc/x86_64-linux-gnu/4.8/:/usr/lib/gcc/x86_64-linux-gnu/]
  ignore line: [LIBRARY_PATH=/usr/lib/gcc/x86_64-linux-gnu/4.8/:/usr/lib/gcc/x86_64-linux-gnu/4.8/../../../x86_64-linux-gnu/:/usr/lib/gcc/x86_64-linux-gnu/4.8/../../../../lib/:/lib/x86_64-linux-gnu/:/lib/../lib/:/usr/lib/x86_64-linux-gnu/:/usr/lib/../lib/:/usr/lib/gcc/x86_64-linux-gnu/4.8/../../../:/lib/:/usr/lib/]
  ignore line: [COLLECT_GCC_OPTIONS='-v' '-o' 'cmTryCompileExec3551952422' '-rdynamic' '-shared-libgcc' '-mtune=generic' '-march=x86-64']
  link line: [ /usr/lib/gcc/x86_64-linux-gnu/4.8/collect2 --sysroot=/ --build-id --eh-frame-hdr -m elf_x86_64 --hash-style=gnu --as-needed -export-dynamic -dynamic-linker /lib64/ld-linux-x86-64.so.2 -z relro -o cmTryCompileExec3551952422 /usr/lib/gcc/x86_64-linux-gnu/4.8/../../../x86_64-linux-gnu/crt1.o /usr/lib/gcc/x86_64-linux-gnu/4.8/../../../x86_64-linux-gnu/crti.o /usr/lib/gcc/x86_64-linux-gnu/4.8/crtbegin.o -L/usr/lib/gcc/x86_64-linux-gnu/4.8 -L/usr/lib/gcc/x86_64-linux-gnu/4.8/../../../x86_64-linux-gnu -L/usr/lib/gcc/x86_64-linux-gnu/4.8/../../../../lib -L/lib/x86_64-linux-gnu -L/lib/../lib -L/usr/lib/x86_64-linux-gnu -L/usr/lib/../lib -L/usr/lib/gcc/x86_64-linux-gnu/4.8/../../.. CMakeFiles/cmTryCompileExec3551952422.dir/CMakeCXXCompilerABI.cpp.o -lstdc++ -lm -lgcc_s -lgcc -lc -lgcc_s -lgcc /usr/lib/gcc/x86_64-linux-gnu/4.8/crtend.o /usr/lib/gcc/x86_64-linux-gnu/4.8/../../../x86_64-linux-gnu/crtn.o]
    arg [/usr/lib/gcc/x86_64-linux-gnu/4.8/collect2] ==> ignore
    arg [--sysroot=/] ==> ignore
    arg [--build-id] ==> ignore
    arg [--eh-frame-hdr] ==> ignore
    arg [-m] ==> ignore
    arg [elf_x86_64] ==> ignore
    arg [--hash-style=gnu] ==> ignore
    arg [--as-needed] ==> ignore
    arg [-export-dynamic] ==> ignore
    arg [-dynamic-linker] ==> ignore
    arg [/lib64/ld-linux-x86-64.so.2] ==> ignore
    arg [-zrelro] ==> ignore
    arg [-o] ==> ignore
    arg [cmTryCompileExec3551952422] ==> ignore
    arg [/usr/lib/gcc/x86_64-linux-gnu/4.8/../../../x86_64-linux-gnu/crt1.o] ==> ignore
    arg [/usr/lib/gcc/x86_64-linux-gnu/4.8/../../../x86_64-linux-gnu/crti.o] ==> ignore
    arg [/usr/lib/gcc/x86_64-linux-gnu/4.8/crtbegin.o] ==> ignore
    arg [-L/usr/lib/gcc/x86_64-linux-gnu/4.8] ==> dir [/usr/lib/gcc/x86_64-linux-gnu/4.8]
    arg [-L/usr/lib/gcc/x86_64-linux-gnu/4.8/../../../x86_64-linux-gnu] ==> dir [/usr/lib/gcc/x86_64-linux-gnu/4.8/../../../x86_64-linux-gnu]
    arg [-L/usr/lib/gcc/x86_64-linux-gnu/4.8/../../../../lib] ==> dir [/usr/lib/gcc/x86_64-linux-gnu/4.8/../../../../lib]
    arg [-L/lib/x86_64-linux-gnu] ==> dir [/lib/x86_64-linux-gnu]
    arg [-L/lib/../lib] ==> dir [/lib/../lib]
    arg [-L/usr/lib/x86_64-linux-gnu] ==> dir [/usr/lib/x86_64-linux-gnu]
    arg [-L/usr/lib/../lib] ==> dir [/usr/lib/../lib]
    arg [-L/usr/lib/gcc/x86_64-linux-gnu/4.8/../../..] ==> dir [/usr/lib/gcc/x86_64-linux-gnu/4.8/../../..]
    arg [CMakeFiles/cmTryCompileExec3551952422.dir/CMakeCXXCompilerABI.cpp.o] ==> ignore
    arg [-lstdc++] ==> lib [stdc++]
    arg [-lm] ==> lib [m]
    arg [-lgcc_s] ==> lib [gcc_s]
    arg [-lgcc] ==> lib [gcc]
    arg [-lc] ==> lib [c]
    arg [-lgcc_s] ==> lib [gcc_s]
    arg [-lgcc] ==> lib [gcc]
    arg [/usr/lib/gcc/x86_64-linux-gnu/4.8/crtend.o] ==> ignore
    arg [/usr/lib/gcc/x86_64-linux-gnu/4.8/../../../x86_64-linux-gnu/crtn.o] ==> ignore
  remove lib [gcc_s]
  remove lib [gcc]
  remove lib [gcc_s]
  remove lib [gcc]
  collapse library dir [/usr/lib/gcc/x86_64-linux-gnu/4.8] ==> [/usr/lib/gcc/x86_64-linux-gnu/4.8]
  collapse library dir [/usr/lib/gcc/x86_64-linux-gnu/4.8/../../../x86_64-linux-gnu] ==> [/usr/lib/x86_64-linux-gnu]
  collapse library dir [/usr/lib/gcc/x86_64-linux-gnu/4.8/../../../../lib] ==> [/usr/lib]
  collapse library dir [/lib/x86_64-linux-gnu] ==> [/lib/x86_64-linux-gnu]
  collapse library dir [/lib/../lib] ==> [/lib]
  collapse library dir [/usr/lib/x86_64-linux-gnu] ==> [/usr/lib/x86_64-linux-gnu]
  collapse library dir [/usr/lib/../lib] ==> [/usr/lib]
  collapse library dir [/usr/lib/gcc/x86_64-linux-gnu/4.8/../../..] ==> [/usr/lib]
  implicit libs: [stdc++;m;c]
  implicit dirs: [/usr/lib/gcc/x86_64-linux-gnu/4.8;/usr/lib/x86_64-linux-gnu;/usr/lib;/lib/x86_64-linux-gnu;/lib]
  implicit fwks: []


Determining if the function XOpenDisplay exists in the /usr/lib/x86_64-linux-gnu/libX11.so;/usr/lib/x86_64-linux-gnu/libXext.so passed with the following output:
Change Dir: /home/surender/Downloads/liquidfun-1.1.0/liquidfun/Box2D/build251/CMakeFiles/CMakeTmp

Run Build Command:/usr/bin/make "cmTryCompileExec565768717/fast"
/usr/bin/make -f CMakeFiles/cmTryCompileExec565768717.dir/build.make CMakeFiles/cmTryCompileExec565768717.dir/build
make[1]: Entering directory `/home/surender/Downloads/liquidfun-1.1.0/liquidfun/Box2D/build251/CMakeFiles/CMakeTmp'
/usr/bin/cmake -E cmake_progress_report /home/surender/Downloads/liquidfun-1.1.0/liquidfun/Box2D/build251/CMakeFiles/CMakeTmp/CMakeFiles 1
Building C object CMakeFiles/cmTryCompileExec565768717.dir/CheckFunctionExists.c.o
/usr/bin/cc   -DDEBUG=0 -Wall -Werror -Wno-long-long -Wno-variadic-macros -DCHECK_FUNCTION_EXISTS=XOpenDisplay   -o CMakeFiles/cmTryCompileExec565768717.dir/CheckFunctionExists.c.o   -c /usr/share/cmake-2.8/Modules/CheckFunctionExists.c
Linking C executable cmTryCompileExec565768717
/usr/bin/cmake -E cmake_link_script CMakeFiles/cmTryCompileExec565768717.dir/link.txt --verbose=1
/usr/bin/cc   -DDEBUG=0 -Wall -Werror -Wno-long-long -Wno-variadic-macros -DCHECK_FUNCTION_EXISTS=XOpenDisplay    CMakeFiles/cmTryCompileExec565768717.dir/CheckFunctionExists.c.o  -o cmTryCompileExec565768717 -rdynamic -lX11 -lXext 
make[1]: Leaving directory `/home/surender/Downloads/liquidfun-1.1.0/liquidfun/Box2D/build251/CMakeFiles/CMakeTmp'


Determining if the function gethostbyname exists passed with the following output:
Change Dir: /home/surender/Downloads/liquidfun-1.1.0/liquidfun/Box2D/build251/CMakeFiles/CMakeTmp

Run Build Command:/usr/bin/make "cmTryCompileExec1607256242/fast"
/usr/bin/make -f CMakeFiles/cmTryCompileExec1607256242.dir/build.make CMakeFiles/cmTryCompileExec1607256242.dir/build
make[1]: Entering directory `/home/surender/Downloads/liquidfun-1.1.0/liquidfun/Box2D/build251/CMakeFiles/CMakeTmp'
/usr/bin/cmake -E cmake_progress_report /home/surender/Downloads/liquidfun-1.1.0/liquidfun/Box2D/build251/CMakeFiles/CMakeTmp/CMakeFiles 1
Building C object CMakeFiles/cmTryCompileExec1607256242.dir/CheckFunctionExists.c.o
/usr/bin/cc   -DDEBUG=0 -Wall -Werror -Wno-long-long -Wno-variadic-macros -DCHECK_FUNCTION_EXISTS=gethostbyname   -o CMakeFiles/cmTryCompileExec1607256242.dir/CheckFunctionExists.c.o   -c /usr/share/cmake-2.8/Modules/CheckFunctionExists.c
Linking C executable cmTryCompileExec1607256242
/usr/bin/cmake -E cmake_link_script CMakeFiles/cmTryCompileExec1607256242.dir/link.txt --verbose=1
/usr/bin/cc   -DDEBUG=0 -Wall -Werror -Wno-long-long -Wno-variadic-macros -DCHECK_FUNCTION_EXISTS=gethostbyname    CMakeFiles/cmTryCompileExec1607256242.dir/CheckFunctionExists.c.o  -o cmTryCompileExec1607256242 -rdynamic 
make[1]: Leaving directory `/home/surender/Downloads/liquidfun-1.1.0/liquidfun/Box2D/build251/CMakeFiles/CMakeTmp'


Determining if the function connect exists passed with the following output:
Change Dir: /home/surender/Downloads/liquidfun-1.1.0/liquidfun/Box2D/build251/CMakeFiles/CMakeTmp

Run Build Command:/usr/bin/make "cmTryCompileExec1149303390/fast"
/usr/bin/make -f CMakeFiles/cmTryCompileExec1149303390.dir/build.make CMakeFiles/cmTryCompileExec1149303390.dir/build
make[1]: Entering directory `/home/surender/Downloads/liquidfun-1.1.0/liquidfun/Box2D/build251/CMakeFiles/CMakeTmp'
/usr/bin/cmake -E cmake_progress_report /home/surender/Downloads/liquidfun-1.1.0/liquidfun/Box2D/build251/CMakeFiles/CMakeTmp/CMakeFiles 1
Building C object CMakeFiles/cmTryCompileExec1149303390.dir/CheckFunctionExists.c.o
/usr/bin/cc   -DDEBUG=0 -Wall -Werror -Wno-long-long -Wno-variadic-macros -DCHECK_FUNCTION_EXISTS=connect   -o CMakeFiles/cmTryCompileExec1149303390.dir/CheckFunctionExists.c.o   -c /usr/share/cmake-2.8/Modules/CheckFunctionExists.c
Linking C executable cmTryCompileExec1149303390
/usr/bin/cmake -E cmake_link_script CMakeFiles/cmTryCompileExec1149303390.dir/link.txt --verbose=1
/usr/bin/cc   -DDEBUG=0 -Wall -Werror -Wno-long-long -Wno-variadic-macros -DCHECK_FUNCTION_EXISTS=connect    CMakeFiles/cmTryCompileExec1149303390.dir/CheckFunctionExists.c.o  -o cmTryCompileExec1149303390 -rdynamic 
make[1]: Leaving directory `/home/surender/Downloads/liquidfun-1.1.0/liquidfun/Box2D/build251/CMakeFiles/CMakeTmp'


Determining if the function remove exists passed with the following output:
Change Dir: /home/surender/Downloads/liquidfun-1.1.0/liquidfun/Box2D/build251/CMakeFiles/CMakeTmp

Run Build Command:/usr/bin/make "cmTryCompileExec828664886/fast"
/usr/bin/make -f CMakeFiles/cmTryCompileExec828664886.dir/build.make CMakeFiles/cmTryCompileExec828664886.dir/build
make[1]: Entering directory `/home/surender/Downloads/liquidfun-1.1.0/liquidfun/Box2D/build251/CMakeFiles/CMakeTmp'
/usr/bin/cmake -E cmake_progress_report /home/surender/Downloads/liquidfun-1.1.0/liquidfun/Box2D/build251/CMakeFiles/CMakeTmp/CMakeFiles 1
Building C object CMakeFiles/cmTryCompileExec828664886.dir/CheckFunctionExists.c.o
/usr/bin/cc   -DDEBUG=0 -Wall -Werror -Wno-long-long -Wno-variadic-macros -DCHECK_FUNCTION_EXISTS=remove   -o CMakeFiles/cmTryCompileExec828664886.dir/CheckFunctionExists.c.o   -c /usr/share/cmake-2.8/Modules/CheckFunctionExists.c
Linking C executable cmTryCompileExec828664886
/usr/bin/cmake -E cmake_link_script CMakeFiles/cmTryCompileExec828664886.dir/link.txt --verbose=1
/usr/bin/cc   -DDEBUG=0 -Wall -Werror -Wno-long-long -Wno-variadic-macros -DCHECK_FUNCTION_EXISTS=remove    CMakeFiles/cmTryCompileExec828664886.dir/CheckFunctionExists.c.o  -o cmTryCompileExec828664886 -rdynamic 
make[1]: Leaving directory `/home/surender/Downloads/liquidfun-1.1.0/liquidfun/Box2D/build251/CMakeFiles/CMakeTmp'


Determining if the function shmat exists passed with the following output:
Change Dir: /home/surender/Downloads/liquidfun-1.1.0/liquidfun/Box2D/build251/CMakeFiles/CMakeTmp

Run Build Command:/usr/bin/make "cmTryCompileExec693383806/fast"
/usr/bin/make -f CMakeFiles/cmTryCompileExec693383806.dir/build.make CMakeFiles/cmTryCompileExec693383806.dir/build
make[1]: Entering directory `/home/surender/Downloads/liquidfun-1.1.0/liquidfun/Box2D/build251/CMakeFiles/CMakeTmp'
/usr/bin/cmake -E cmake_progress_report /home/surender/Downloads/liquidfun-1.1.0/liquidfun/Box2D/build251/CMakeFiles/CMakeTmp/CMakeFiles 1
Building C object CMakeFiles/cmTryCompileExec693383806.dir/CheckFunctionExists.c.o
/usr/bin/cc   -DDEBUG=0 -Wall -Werror -Wno-long-long -Wno-variadic-macros -DCHECK_FUNCTION_EXISTS=shmat   -o CMakeFiles/cmTryCompileExec693383806.dir/CheckFunctionExists.c.o   -c /usr/share/cmake-2.8/Modules/CheckFunctionExists.c
Linking C executable cmTryCompileExec693383806
/usr/bin/cmake -E cmake_link_script CMakeFiles/cmTryCompileExec693383806.dir/link.txt --verbose=1
/usr/bin/cc   -DDEBUG=0 -Wall -Werror -Wno-long-long -Wno-variadic-macros -DCHECK_FUNCTION_EXISTS=shmat    CMakeFiles/cmTryCompileExec693383806.dir/CheckFunctionExists.c.o  -o cmTryCompileExec693383806 -rdynamic 
make[1]: Leaving directory `/home/surender/Downloads/liquidfun-1.1.0/liquidfun/Box2D/build251/CMakeFiles/CMakeTmp'


Determining if the function IceConnectionNumber exists in the ICE passed with the following output:
Change Dir: /home/surender/Downloads/liquidfun-1.1.0/liquidfun/Box2D/build251/CMakeFiles/CMakeTmp

Run Build Command:/usr/bin/make "cmTryCompileExec491637160/fast"
/usr/bin/make -f CMakeFiles/cmTryCompileExec491637160.dir/build.make CMakeFiles/cmTryCompileExec491637160.dir/build
make[1]: Entering directory `/home/surender/Downloads/liquidfun-1.1.0/liquidfun/Box2D/build251/CMakeFiles/CMakeTmp'
/usr/bin/cmake -E cmake_progress_report /home/surender/Downloads/liquidfun-1.1.0/liquidfun/Box2D/build251/CMakeFiles/CMakeTmp/CMakeFiles 1
Building C object CMakeFiles/cmTryCompileExec491637160.dir/CheckFunctionExists.c.o
/usr/bin/cc   -DDEBUG=0 -Wall -Werror -Wno-long-long -Wno-variadic-macros -DCHECK_FUNCTION_EXISTS=IceConnectionNumber   -o CMakeFiles/cmTryCompileExec491637160.dir/CheckFunctionExists.c.o   -c /usr/share/cmake-2.8/Modules/CheckFunctionExists.c
Linking C executable cmTryCompileExec491637160
/usr/bin/cmake -E cmake_link_script CMakeFiles/cmTryCompileExec491637160.dir/link.txt --verbose=1
/usr/bin/cc   -DDEBUG=0 -Wall -Werror -Wno-long-long -Wno-variadic-macros -DCHECK_FUNCTION_EXISTS=IceConnectionNumber    CMakeFiles/cmTryCompileExec491637160.dir/CheckFunctionExists.c.o  -o cmTryCompileExec491637160 -rdynamic -lICE 
make[1]: Leaving directory `/home/surender/Downloads/liquidfun-1.1.0/liquidfun/Box2D/build251/CMakeFiles/CMakeTmp'


Determining if files sys/types.h exist passed with the following output:
Change Dir: /home/surender/Downloads/liquidfun-1.1.0/liquidfun/Box2D/build251/CMakeFiles/CMakeTmp

Run Build Command:/usr/bin/make "cmTryCompileExec3679531563/fast"
/usr/bin/make -f CMakeFiles/cmTryCompileExec3679531563.dir/build.make CMakeFiles/cmTryCompileExec3679531563.dir/build
make[1]: Entering directory `/home/surender/Downloads/liquidfun-1.1.0/liquidfun/Box2D/build251/CMakeFiles/CMakeTmp'
/usr/bin/cmake -E cmake_progress_report /home/surender/Downloads/liquidfun-1.1.0/liquidfun/Box2D/build251/CMakeFiles/CMakeTmp/CMakeFiles 1
Building C object CMakeFiles/cmTryCompileExec3679531563.dir/CheckIncludeFiles.c.o
/usr/bin/cc   -DDEBUG=0 -Wall -Werror -Wno-long-long -Wno-variadic-macros -Wall    -o CMakeFiles/cmTryCompileExec3679531563.dir/CheckIncludeFiles.c.o   -c /home/surender/Downloads/liquidfun-1.1.0/liquidfun/Box2D/build251/CMakeFiles/CMakeTmp/CheckIncludeFiles.c
Linking C executable cmTryCompileExec3679531563
/usr/bin/cmake -E cmake_link_script CMakeFiles/cmTryCompileExec3679531563.dir/link.txt --verbose=1
/usr/bin/cc   -DDEBUG=0 -Wall -Werror -Wno-long-long -Wno-variadic-macros -Wall     CMakeFiles/cmTryCompileExec3679531563.dir/CheckIncludeFiles.c.o  -o cmTryCompileExec3679531563 -rdynamic 
make[1]: Leaving directory `/home/surender/Downloads/liquidfun-1.1.0/liquidfun/Box2D/build251/CMakeFiles/CMakeTmp'


Determining if files unistd.h exist passed with the following output:
Change Dir: /home/surender/Downloads/liquidfun-1.1.0/liquidfun/Box2D/build251/CMakeFiles/CMakeTmp

Run Build Command:/usr/bin/make "cmTryCompileExec282007260/fast"
/usr/bin/make -f CMakeFiles/cmTryCompileExec282007260.dir/build.make CMakeFiles/cmTryCompileExec282007260.dir/build
make[1]: Entering directory `/home/surender/Downloads/liquidfun-1.1.0/liquidfun/Box2D/build251/CMakeFiles/CMakeTmp'
/usr/bin/cmake -E cmake_progress_report /home/surender/Downloads/liquidfun-1.1.0/liquidfun/Box2D/build251/CMakeFiles/CMakeTmp/CMakeFiles 1
Building C object CMakeFiles/cmTryCompileExec282007260.dir/CheckIncludeFiles.c.o
/usr/bin/cc   -DDEBUG=0 -Wall -Werror -Wno-long-long -Wno-variadic-macros -Wall    -o CMakeFiles/cmTryCompileExec282007260.dir/CheckIncludeFiles.c.o   -c /home/surender/Downloads/liquidfun-1.1.0/liquidfun/Box2D/build251/CMakeFiles/CMakeTmp/CheckIncludeFiles.c
Linking C executable cmTryCompileExec282007260
/usr/bin/cmake -E cmake_link_script CMakeFiles/cmTryCompileExec282007260.dir/link.txt --verbose=1
/usr/bin/cc   -DDEBUG=0 -Wall -Werror -Wno-long-long -Wno-variadic-macros -Wall     CMakeFiles/cmTryCompileExec282007260.dir/CheckIncludeFiles.c.o  -o cmTryCompileExec282007260 -rdynamic 
make[1]: Leaving directory `/home/surender/Downloads/liquidfun-1.1.0/liquidfun/Box2D/build251/CMakeFiles/CMakeTmp'


Determining if files sys/time.h exist passed with the following output:
Change Dir: /home/surender/Downloads/liquidfun-1.1.0/liquidfun/Box2D/build251/CMakeFiles/CMakeTmp

Run Build Command:/usr/bin/make "cmTryCompileExec3102117171/fast"
/usr/bin/make -f CMakeFiles/cmTryCompileExec3102117171.dir/build.make CMakeFiles/cmTryCompileExec3102117171.dir/build
make[1]: Entering directory `/home/surender/Downloads/liquidfun-1.1.0/liquidfun/Box2D/build251/CMakeFiles/CMakeTmp'
/usr/bin/cmake -E cmake_progress_report /home/surender/Downloads/liquidfun-1.1.0/liquidfun/Box2D/build251/CMakeFiles/CMakeTmp/CMakeFiles 1
Building C object CMakeFiles/cmTryCompileExec3102117171.dir/CheckIncludeFiles.c.o
/usr/bin/cc   -DDEBUG=0 -Wall -Werror -Wno-long-long -Wno-variadic-macros -Wall    -o CMakeFiles/cmTryCompileExec3102117171.dir/CheckIncludeFiles.c.o   -c /home/surender/Downloads/liquidfun-1.1.0/liquidfun/Box2D/build251/CMakeFiles/CMakeTmp/CheckIncludeFiles.c
Linking C executable cmTryCompileExec3102117171
/usr/bin/cmake -E cmake_link_script CMakeFiles/cmTryCompileExec3102117171.dir/link.txt --verbose=1
/usr/bin/cc   -DDEBUG=0 -Wall -Werror -Wno-long-long -Wno-variadic-macros -Wall     CMakeFiles/cmTryCompileExec3102117171.dir/CheckIncludeFiles.c.o  -o cmTryCompileExec3102117171 -rdynamic 
make[1]: Leaving directory `/home/surender/Downloads/liquidfun-1.1.0/liquidfun/Box2D/build251/CMakeFiles/CMakeTmp'


Determining if files stdbool.h exist passed with the following output:
Change Dir: /home/surender/Downloads/liquidfun-1.1.0/liquidfun/Box2D/build251/CMakeFiles/CMakeTmp

Run Build Command:/usr/bin/make "cmTryCompileExec3496005909/fast"
/usr/bin/make -f CMakeFiles/cmTryCompileExec3496005909.dir/build.make CMakeFiles/cmTryCompileExec3496005909.dir/build
make[1]: Entering directory `/home/surender/Downloads/liquidfun-1.1.0/liquidfun/Box2D/build251/CMakeFiles/CMakeTmp'
/usr/bin/cmake -E cmake_progress_report /home/surender/Downloads/liquidfun-1.1.0/liquidfun/Box2D/build251/CMakeFiles/CMakeTmp/CMakeFiles 1
Building C object CMakeFiles/cmTryCompileExec3496005909.dir/CheckIncludeFiles.c.o
/usr/bin/cc   -DDEBUG=0 -Wall -Werror -Wno-long-long -Wno-variadic-macros -Wall    -o CMakeFiles/cmTryCompileExec3496005909.dir/CheckIncludeFiles.c.o   -c /home/surender/Downloads/liquidfun-1.1.0/liquidfun/Box2D/build251/CMakeFiles/CMakeTmp/CheckIncludeFiles.c
Linking C executable cmTryCompileExec3496005909
/usr/bin/cmake -E cmake_link_script CMakeFiles/cmTryCompileExec3496005909.dir/link.txt --verbose=1
/usr/bin/cc   -DDEBUG=0 -Wall -Werror -Wno-long-long -Wno-variadic-macros -Wall     CMakeFiles/cmTryCompileExec3496005909.dir/CheckIncludeFiles.c.o  -o cmTryCompileExec3496005909 -rdynamic 
make[1]: Leaving directory `/home/surender/Downloads/liquidfun-1.1.0/liquidfun/Box2D/build251/CMakeFiles/CMakeTmp'


Determining if files sys/param.h exist passed with the following output:
Change Dir: /home/surender/Downloads/liquidfun-1.1.0/liquidfun/Box2D/build251/CMakeFiles/CMakeTmp

Run Build Command:/usr/bin/make "cmTryCompileExec1601547880/fast"
/usr/bin/make -f CMakeFiles/cmTryCompileExec1601547880.dir/build.make CMakeFiles/cmTryCompileExec1601547880.dir/build
make[1]: Entering directory `/home/surender/Downloads/liquidfun-1.1.0/liquidfun/Box2D/build251/CMakeFiles/CMakeTmp'
/usr/bin/cmake -E cmake_progress_report /home/surender/Downloads/liquidfun-1.1.0/liquidfun/Box2D/build251/CMakeFiles/CMakeTmp/CMakeFiles 1
Building C object CMakeFiles/cmTryCompileExec1601547880.dir/CheckIncludeFiles.c.o
/usr/bin/cc   -DDEBUG=0 -Wall -Werror -Wno-long-long -Wno-variadic-macros -Wall    -o CMakeFiles/cmTryCompileExec1601547880.dir/CheckIncludeFiles.c.o   -c /home/surender/Downloads/liquidfun-1.1.0/liquidfun/Box2D/build251/CMakeFiles/CMakeTmp/CheckIncludeFiles.c
Linking C executable cmTryCompileExec1601547880
/usr/bin/cmake -E cmake_link_script CMakeFiles/cmTryCompileExec1601547880.dir/link.txt --verbose=1
/usr/bin/cc   -DDEBUG=0 -Wall -Werror -Wno-long-long -Wno-variadic-macros -Wall     CMakeFiles/cmTryCompileExec1601547880.dir/CheckIncludeFiles.c.o  -o cmTryCompileExec1601547880 -rdynamic 
make[1]: Leaving directory `/home/surender/Downloads/liquidfun-1.1.0/liquidfun/Box2D/build251/CMakeFiles/CMakeTmp'


Determining if files sys/ioctl.h exist passed with the following output:
Change Dir: /home/surender/Downloads/liquidfun-1.1.0/liquidfun/Box2D/build251/CMakeFiles/CMakeTmp

Run Build Command:/usr/bin/make "cmTryCompileExec2411035187/fast"
/usr/bin/make -f CMakeFiles/cmTryCompileExec2411035187.dir/build.make CMakeFiles/cmTryCompileExec2411035187.dir/build
make[1]: Entering directory `/home/surender/Downloads/liquidfun-1.1.0/liquidfun/Box2D/build251/CMakeFiles/CMakeTmp'
/usr/bin/cmake -E cmake_progress_report /home/surender/Downloads/liquidfun-1.1.0/liquidfun/Box2D/build251/CMakeFiles/CMakeTmp/CMakeFiles 1
Building C object CMakeFiles/cmTryCompileExec2411035187.dir/CheckIncludeFiles.c.o
/usr/bin/cc   -DDEBUG=0 -Wall -Werror -Wno-long-long -Wno-variadic-macros -Wall    -o CMakeFiles/cmTryCompileExec2411035187.dir/CheckIncludeFiles.c.o   -c /home/surender/Downloads/liquidfun-1.1.0/liquidfun/Box2D/build251/CMakeFiles/CMakeTmp/CheckIncludeFiles.c
Linking C executable cmTryCompileExec2411035187
/usr/bin/cmake -E cmake_link_script CMakeFiles/cmTryCompileExec2411035187.dir/link.txt --verbose=1
/usr/bin/cc   -DDEBUG=0 -Wall -Werror -Wno-long-long -Wno-variadic-macros -Wall     CMakeFiles/cmTryCompileExec2411035187.dir/CheckIncludeFiles.c.o  -o cmTryCompileExec2411035187 -rdynamic 
make[1]: Leaving directory `/home/surender/Downloads/liquidfun-1.1.0/liquidfun/Box2D/build251/CMakeFiles/CMakeTmp'


Determining if files fcntl.h exist passed with the following output:
Change Dir: /home/surender/Downloads/liquidfun-1.1.0/liquidfun/Box2D/build251/CMakeFiles/CMakeTmp

Run Build Command:/usr/bin/make "cmTryCompileExec4085673716/fast"
/usr/bin/make -f CMakeFiles/cmTryCompileExec4085673716.dir/build.make CMakeFiles/cmTryCompileExec4085673716.dir/build
make[1]: Entering directory `/home/surender/Downloads/liquidfun-1.1.0/liquidfun/Box2D/build251/CMakeFiles/CMakeTmp'
/usr/bin/cmake -E cmake_progress_report /home/surender/Downloads/liquidfun-1.1.0/liquidfun/Box2D/build251/CMakeFiles/CMakeTmp/CMakeFiles 1
Building C object CMakeFiles/cmTryCompileExec4085673716.dir/CheckIncludeFiles.c.o
/usr/bin/cc   -DDEBUG=0 -Wall -Werror -Wno-long-long -Wno-variadic-macros -Wall    -o CMakeFiles/cmTryCompileExec4085673716.dir/CheckIncludeFiles.c.o   -c /home/surender/Downloads/liquidfun-1.1.0/liquidfun/Box2D/build251/CMakeFiles/CMakeTmp/CheckIncludeFiles.c
Linking C executable cmTryCompileExec4085673716
/usr/bin/cmake -E cmake_link_script CMakeFiles/cmTryCompileExec4085673716.dir/link.txt --verbose=1
/usr/bin/cc   -DDEBUG=0 -Wall -Werror -Wno-long-long -Wno-variadic-macros -Wall     CMakeFiles/cmTryCompileExec4085673716.dir/CheckIncludeFiles.c.o  -o cmTryCompileExec4085673716 -rdynamic 
make[1]: Leaving directory `/home/surender/Downloads/liquidfun-1.1.0/liquidfun/Box2D/build251/CMakeFiles/CMakeTmp'


Determining if files errno.h exist passed with the following output:
Change Dir: /home/surender/Downloads/liquidfun-1.1.0/liquidfun/Box2D/build251/CMakeFiles/CMakeTmp

Run Build Command:/usr/bin/make "cmTryCompileExec2748010527/fast"
/usr/bin/make -f CMakeFiles/cmTryCompileExec2748010527.dir/build.make CMakeFiles/cmTryCompileExec2748010527.dir/build
make[1]: Entering directory `/home/surender/Downloads/liquidfun-1.1.0/liquidfun/Box2D/build251/CMakeFiles/CMakeTmp'
/usr/bin/cmake -E cmake_progress_report /home/surender/Downloads/liquidfun-1.1.0/liquidfun/Box2D/build251/CMakeFiles/CMakeTmp/CMakeFiles 1
Building C object CMakeFiles/cmTryCompileExec2748010527.dir/CheckIncludeFiles.c.o
/usr/bin/cc   -DDEBUG=0 -Wall -Werror -Wno-long-long -Wno-variadic-macros -Wall    -o CMakeFiles/cmTryCompileExec2748010527.dir/CheckIncludeFiles.c.o   -c /home/surender/Downloads/liquidfun-1.1.0/liquidfun/Box2D/build251/CMakeFiles/CMakeTmp/CheckIncludeFiles.c
Linking C executable cmTryCompileExec2748010527
/usr/bin/cmake -E cmake_link_script CMakeFiles/cmTryCompileExec2748010527.dir/link.txt --verbose=1
/usr/bin/cc   -DDEBUG=0 -Wall -Werror -Wno-long-long -Wno-variadic-macros -Wall     CMakeFiles/cmTryCompileExec2748010527.dir/CheckIncludeFiles.c.o  -o cmTryCompileExec2748010527 -rdynamic 
make[1]: Leaving directory `/home/surender/Downloads/liquidfun-1.1.0/liquidfun/Box2D/build251/CMakeFiles/CMakeTmp'


Determining if the function gettimeofday exists passed with the following output:
Change Dir: /home/surender/Downloads/liquidfun-1.1.0/liquidfun/Box2D/build251/CMakeFiles/CMakeTmp

Run Build Command:/usr/bin/make "cmTryCompileExec2820564511/fast"
/usr/bin/make -f CMakeFiles/cmTryCompileExec2820564511.dir/build.make CMakeFiles/cmTryCompileExec2820564511.dir/build
make[1]: Entering directory `/home/surender/Downloads/liquidfun-1.1.0/liquidfun/Box2D/build251/CMakeFiles/CMakeTmp'
/usr/bin/cmake -E cmake_progress_report /home/surender/Downloads/liquidfun-1.1.0/liquidfun/Box2D/build251/CMakeFiles/CMakeTmp/CMakeFiles 1
Building C object CMakeFiles/cmTryCompileExec2820564511.dir/CheckFunctionExists.c.o
/usr/bin/cc   -DDEBUG=0 -Wall -Werror -Wno-long-long -Wno-variadic-macros -Wall -DCHECK_FUNCTION_EXISTS=gettimeofday   -o CMakeFiles/cmTryCompileExec2820564511.dir/CheckFunctionExists.c.o   -c /usr/share/cmake-2.8/Modules/CheckFunctionExists.c
Linking C executable cmTryCompileExec2820564511
/usr/bin/cmake -E cmake_link_script CMakeFiles/cmTryCompileExec2820564511.dir/link.txt --verbose=1
/usr/bin/cc   -DDEBUG=0 -Wall -Werror -Wno-long-long -Wno-variadic-macros -Wall -DCHECK_FUNCTION_EXISTS=gettimeofday    CMakeFiles/cmTryCompileExec2820564511.dir/CheckFunctionExists.c.o  -o cmTryCompileExec2820564511 -rdynamic -lm 
make[1]: Leaving directory `/home/surender/Downloads/liquidfun-1.1.0/liquidfun/Box2D/build251/CMakeFiles/CMakeTmp'


Determining if files stdint.h exist passed with the following output:
Change Dir: /home/surender/Downloads/liquidfun-1.1.0/liquidfun/Box2D/build251/CMakeFiles/CMakeTmp

Run Build Command:/usr/bin/make "cmTryCompileExec1148237929/fast"
/usr/bin/make -f CMakeFiles/cmTryCompileExec1148237929.dir/build.make CMakeFiles/cmTryCompileExec1148237929.dir/build
make[1]: Entering directory `/home/surender/Downloads/liquidfun-1.1.0/liquidfun/Box2D/build251/CMakeFiles/CMakeTmp'
/usr/bin/cmake -E cmake_progress_report /home/surender/Downloads/liquidfun-1.1.0/liquidfun/Box2D/build251/CMakeFiles/CMakeTmp/CMakeFiles 1
Building C object CMakeFiles/cmTryCompileExec1148237929.dir/CheckIncludeFiles.c.o
/usr/bin/cc   -DDEBUG=0 -Wall -Werror -Wno-long-long -Wno-variadic-macros -Wall    -o CMakeFiles/cmTryCompileExec1148237929.dir/CheckIncludeFiles.c.o   -c /home/surender/Downloads/liquidfun-1.1.0/liquidfun/Box2D/build251/CMakeFiles/CMakeTmp/CheckIncludeFiles.c
Linking C executable cmTryCompileExec1148237929
/usr/bin/cmake -E cmake_link_script CMakeFiles/cmTryCompileExec1148237929.dir/link.txt --verbose=1
/usr/bin/cc   -DDEBUG=0 -Wall -Werror -Wno-long-long -Wno-variadic-macros -Wall     CMakeFiles/cmTryCompileExec1148237929.dir/CheckIncludeFiles.c.o  -o cmTryCompileExec1148237929 -rdynamic 
make[1]: Leaving directory `/home/surender/Downloads/liquidfun-1.1.0/liquidfun/Box2D/build251/CMakeFiles/CMakeTmp'


Determining if files inttypes.h exist passed with the following output:
Change Dir: /home/surender/Downloads/liquidfun-1.1.0/liquidfun/Box2D/build251/CMakeFiles/CMakeTmp

Run Build Command:/usr/bin/make "cmTryCompileExec2799758192/fast"
/usr/bin/make -f CMakeFiles/cmTryCompileExec2799758192.dir/build.make CMakeFiles/cmTryCompileExec2799758192.dir/build
make[1]: Entering directory `/home/surender/Downloads/liquidfun-1.1.0/liquidfun/Box2D/build251/CMakeFiles/CMakeTmp'
/usr/bin/cmake -E cmake_progress_report /home/surender/Downloads/liquidfun-1.1.0/liquidfun/Box2D/build251/CMakeFiles/CMakeTmp/CMakeFiles 1
Building C object CMakeFiles/cmTryCompileExec2799758192.dir/CheckIncludeFiles.c.o
/usr/bin/cc   -DDEBUG=0 -Wall -Werror -Wno-long-long -Wno-variadic-macros -Wall    -o CMakeFiles/cmTryCompileExec2799758192.dir/CheckIncludeFiles.c.o   -c /home/surender/Downloads/liquidfun-1.1.0/liquidfun/Box2D/build251/CMakeFiles/CMakeTmp/CheckIncludeFiles.c
Linking C executable cmTryCompileExec2799758192
/usr/bin/cmake -E cmake_link_script CMakeFiles/cmTryCompileExec2799758192.dir/link.txt --verbose=1
/usr/bin/cc   -DDEBUG=0 -Wall -Werror -Wno-long-long -Wno-variadic-macros -Wall     CMakeFiles/cmTryCompileExec2799758192.dir/CheckIncludeFiles.c.o  -o cmTryCompileExec2799758192 -rdynamic 
make[1]: Leaving directory `/home/surender/Downloads/liquidfun-1.1.0/liquidfun/Box2D/build251/CMakeFiles/CMakeTmp'


Determining if files pthread.h exist passed with the following output:
Change Dir: /home/surender/Downloads/liquidfun-1.1.0/liquidfun/Box2D/build251/CMakeFiles/CMakeTmp

Run Build Command:/usr/bin/make "cmTryCompileExec822152691/fast"
/usr/bin/make -f CMakeFiles/cmTryCompileExec822152691.dir/build.make CMakeFiles/cmTryCompileExec822152691.dir/build
make[1]: Entering directory `/home/surender/Downloads/liquidfun-1.1.0/liquidfun/Box2D/build251/CMakeFiles/CMakeTmp'
/usr/bin/cmake -E cmake_progress_report /home/surender/Downloads/liquidfun-1.1.0/liquidfun/Box2D/build251/CMakeFiles/CMakeTmp/CMakeFiles 1
Building C object CMakeFiles/cmTryCompileExec822152691.dir/CheckIncludeFiles.c.o
/usr/bin/cc   -DDEBUG=0 -Wall -Werror -Wno-long-long -Wno-variadic-macros    -o CMakeFiles/cmTryCompileExec822152691.dir/CheckIncludeFiles.c.o   -c /home/surender/Downloads/liquidfun-1.1.0/liquidfun/Box2D/build251/CMakeFiles/CMakeTmp/CheckIncludeFiles.c
Linking C executable cmTryCompileExec822152691
/usr/bin/cmake -E cmake_link_script CMakeFiles/cmTryCompileExec822152691.dir/link.txt --verbose=1
/usr/bin/cc   -DDEBUG=0 -Wall -Werror -Wno-long-long -Wno-variadic-macros     CMakeFiles/cmTryCompileExec822152691.dir/CheckIncludeFiles.c.o  -o cmTryCompileExec822152691 -rdynamic 
make[1]: Leaving directory `/home/surender/Downloads/liquidfun-1.1.0/liquidfun/Box2D/build251/CMakeFiles/CMakeTmp'


Determining if the function pthread_create exists in the pthread passed with the following output:
Change Dir: /home/surender/Downloads/liquidfun-1.1.0/liquidfun/Box2D/build251/CMakeFiles/CMakeTmp

Run Build Command:/usr/bin/make "cmTryCompileExec1780609606/fast"
/usr/bin/make -f CMakeFiles/cmTryCompileExec1780609606.dir/build.make CMakeFiles/cmTryCompileExec1780609606.dir/build
make[1]: Entering directory `/home/surender/Downloads/liquidfun-1.1.0/liquidfun/Box2D/build251/CMakeFiles/CMakeTmp'
/usr/bin/cmake -E cmake_progress_report /home/surender/Downloads/liquidfun-1.1.0/liquidfun/Box2D/build251/CMakeFiles/CMakeTmp/CMakeFiles 1
Building C object CMakeFiles/cmTryCompileExec1780609606.dir/CheckFunctionExists.c.o
/usr/bin/cc   -DDEBUG=0 -Wall -Werror -Wno-long-long -Wno-variadic-macros -DCHECK_FUNCTION_EXISTS=pthread_create   -o CMakeFiles/cmTryCompileExec1780609606.dir/CheckFunctionExists.c.o   -c /usr/share/cmake-2.8/Modules/CheckFunctionExists.c
Linking C executable cmTryCompileExec1780609606
/usr/bin/cmake -E cmake_link_script CMakeFiles/cmTryCompileExec1780609606.dir/link.txt --verbose=1
/usr/bin/cc   -DDEBUG=0 -Wall -Werror -Wno-long-long -Wno-variadic-macros -DCHECK_FUNCTION_EXISTS=pthread_create    CMakeFiles/cmTryCompileExec1780609606.dir/CheckFunctionExists.c.o  -o cmTryCompileExec1780609606 -rdynamic -lpthread 
make[1]: Leaving directory `/home/surender/Downloads/liquidfun-1.1.0/liquidfun/Box2D/build251/CMakeFiles/CMakeTmp'


