The system is: Linux - 3.19.0-30-generic - x86_64
Compiling the C compiler identification source file "CMakeCCompilerId.c" succeeded.
Compiler: /usr/bin/cc 
Build flags: 
Id flags: 

The output was:
0


Compilation of the C compiler identification source "CMakeCCompilerId.c" produced "a.out"

The C compiler identification is GNU, found in "/home/surender/Downloads/liquidfun-1.1.0/liquidfun/Box2D/CMakeFiles/2.8.12.2/CompilerIdC/a.out"

Compiling the CXX compiler identification source file "CMakeCXXCompilerId.cpp" succeeded.
Compiler: /usr/bin/c++ 
Build flags: 
Id flags: 

The output was:
0


Compilation of the CXX compiler identification source "CMakeCXXCompilerId.cpp" produced "a.out"

The CXX compiler identification is GNU, found in "/home/surender/Downloads/liquidfun-1.1.0/liquidfun/Box2D/CMakeFiles/2.8.12.2/CompilerIdCXX/a.out"

Determining if the C compiler works passed with the following output:
Change Dir: /home/surender/Downloads/liquidfun-1.1.0/liquidfun/Box2D/CMakeFiles/CMakeTmp

Run Build Command:/usr/bin/make "cmTryCompileExec3351256739/fast"
/usr/bin/make -f CMakeFiles/cmTryCompileExec3351256739.dir/build.make CMakeFiles/cmTryCompileExec3351256739.dir/build
make[1]: Entering directory `/home/surender/Downloads/liquidfun-1.1.0/liquidfun/Box2D/CMakeFiles/CMakeTmp'
/usr/bin/cmake -E cmake_progress_report /home/surender/Downloads/liquidfun-1.1.0/liquidfun/Box2D/CMakeFiles/CMakeTmp/CMakeFiles 1
Building C object CMakeFiles/cmTryCompileExec3351256739.dir/testCCompiler.c.o
/usr/bin/cc    -o CMakeFiles/cmTryCompileExec3351256739.dir/testCCompiler.c.o   -c /home/surender/Downloads/liquidfun-1.1.0/liquidfun/Box2D/CMakeFiles/CMakeTmp/testCCompiler.c
Linking C executable cmTryCompileExec3351256739
/usr/bin/cmake -E cmake_link_script CMakeFiles/cmTryCompileExec3351256739.dir/link.txt --verbose=1
/usr/bin/cc       CMakeFiles/cmTryCompileExec3351256739.dir/testCCompiler.c.o  -o cmTryCompileExec3351256739 -rdynamic 
make[1]: Leaving directory `/home/surender/Downloads/liquidfun-1.1.0/liquidfun/Box2D/CMakeFiles/CMakeTmp'


Detecting C compiler ABI info compiled with the following output:
Change Dir: /home/surender/Downloads/liquidfun-1.1.0/liquidfun/Box2D/CMakeFiles/CMakeTmp

Run Build Command:/usr/bin/make "cmTryCompileExec872977443/fast"
/usr/bin/make -f CMakeFiles/cmTryCompileExec872977443.dir/build.make CMakeFiles/cmTryCompileExec872977443.dir/build
make[1]: Entering directory `/home/surender/Downloads/liquidfun-1.1.0/liquidfun/Box2D/CMakeFiles/CMakeTmp'
/usr/bin/cmake -E cmake_progress_report /home/surender/Downloads/liquidfun-1.1.0/liquidfun/Box2D/CMakeFiles/CMakeTmp/CMakeFiles 1
Building C object CMakeFiles/cmTryCompileExec872977443.dir/CMakeCCompilerABI.c.o
/usr/bin/cc    -o CMakeFiles/cmTryCompileExec872977443.dir/CMakeCCompilerABI.c.o   -c /usr/share/cmake-2.8/Modules/CMakeCCompilerABI.c
Linking C executable cmTryCompileExec872977443
/usr/bin/cmake -E cmake_link_script CMakeFiles/cmTryCompileExec872977443.dir/link.txt --verbose=1
/usr/bin/cc     -v CMakeFiles/cmTryCompileExec872977443.dir/CMakeCCompilerABI.c.o  -o cmTryCompileExec872977443 -rdynamic  
Using built-in specs.
COLLECT_GCC=/usr/bin/cc
COLLECT_LTO_WRAPPER=/usr/lib/gcc/x86_64-linux-gnu/4.8/lto-wrapper
Target: x86_64-linux-gnu
Configured with: ../src/configure -v --with-pkgversion='Ubuntu 4.8.4-2ubuntu1~14.04' --with-bugurl=file:///usr/share/doc/gcc-4.8/README.Bugs --enable-languages=c,c++,java,go,d,fortran,objc,obj-c++ --prefix=/usr --program-suffix=-4.8 --enable-shared --enable-linker-build-id --libexecdir=/usr/lib --without-included-gettext --enable-threads=posix --with-gxx-include-dir=/usr/include/c++/4.8 --libdir=/usr/lib --enable-nls --with-sysroot=/ --enable-clocale=gnu --enable-libstdcxx-debug --enable-libstdcxx-time=yes --enable-gnu-unique-object --disable-libmudflap --enable-plugin --with-system-zlib --disable-browser-plugin --enable-java-awt=gtk --enable-gtk-cairo --with-java-home=/usr/lib/jvm/java-1.5.0-gcj-4.8-amd64/jre --enable-java-home --with-jvm-root-dir=/usr/lib/jvm/java-1.5.0-gcj-4.8-amd64 --with-jvm-jar-dir=/usr/lib/jvm-exports/java-1.5.0-gcj-4.8-amd64 --with-arch-directory=amd64 --with-ecj-jar=/usr/share/java/eclipse-ecj.jar --enable-objc-gc --enable-multiarch --disable-werror --with-arch-32=i686 --with-abi=m64 --with-multilib-list=m32,m64,mx32 --with-tune=generic --enable-checking=release --build=x86_64-linux-gnu --host=x86_64-linux-gnu --target=x86_64-linux-gnu
Thread model: posix
gcc version 4.8.4 (Ubuntu 4.8.4-2ubuntu1~14.04) 
COMPILER_PATH=/usr/lib/gcc/x86_64-linux-gnu/4.8/:/usr/lib/gcc/x86_64-linux-gnu/4.8/:/usr/lib/gcc/x86_64-linux-gnu/:/usr/lib/gcc/x86_64-linux-gnu/4.8/:/usr/lib/gcc/x86_64-linux-gnu/
LIBRARY_PATH=/usr/lib/gcc/x86_64-linux-gnu/4.8/:/usr/lib/gcc/x86_64-linux-gnu/4.8/../../../x86_64-linux-gnu/:/usr/lib/gcc/x86_64-linux-gnu/4.8/../../../../lib/:/lib/x86_64-linux-gnu/:/lib/../lib/:/usr/lib/x86_64-linux-gnu/:/usr/lib/../lib/:/usr/lib/gcc/x86_64-linux-gnu/4.8/../../../:/lib/:/usr/lib/
COLLECT_GCC_OPTIONS='-v' '-o' 'cmTryCompileExec872977443' '-rdynamic' '-mtune=generic' '-march=x86-64'
 /usr/lib/gcc/x86_64-linux-gnu/4.8/collect2 --sysroot=/ --build-id --eh-frame-hdr -m elf_x86_64 --hash-style=gnu --as-needed -export-dynamic -dynamic-linker /lib64/ld-linux-x86-64.so.2 -z relro -o cmTryCompileExec872977443 /usr/lib/gcc/x86_64-linux-gnu/4.8/../../../x86_64-linux-gnu/crt1.o /usr/lib/gcc/x86_64-linux-gnu/4.8/../../../x86_64-linux-gnu/crti.o /usr/lib/gcc/x86_64-linux-gnu/4.8/crtbegin.o -L/usr/lib/gcc/x86_64-linux-gnu/4.8 -L/usr/lib/gcc/x86_64-linux-gnu/4.8/../../../x86_64-linux-gnu -L/usr/lib/gcc/x86_64-linux-gnu/4.8/../../../../lib -L/lib/x86_64-linux-gnu -L/lib/../lib -L/usr/lib/x86_64-linux-gnu -L/usr/lib/../lib -L/usr/lib/gcc/x86_64-linux-gnu/4.8/../../.. CMakeFiles/cmTryCompileExec872977443.dir/CMakeCCompilerABI.c.o -lgcc --as-needed -lgcc_s --no-as-needed -lc -lgcc --as-needed -lgcc_s --no-as-needed /usr/lib/gcc/x86_64-linux-gnu/4.8/crtend.o /usr/lib/gcc/x86_64-linux-gnu/4.8/../../../x86_64-linux-gnu/crtn.o
make[1]: Leaving directory `/home/surender/Downloads/liquidfun-1.1.0/liquidfun/Box2D/CMakeFiles/CMakeTmp'


Parsed C implicit link information from above output:
  link line regex: [^( *|.*[/\])(ld|([^/\]+-)?ld|collect2)[^/\]*( |$)]
  ignore line: [Change Dir: /home/surender/Downloads/liquidfun-1.1.0/liquidfun/Box2D/CMakeFiles/CMakeTmp]
  ignore line: []
  ignore line: [Run Build Command:/usr/bin/make "cmTryCompileExec872977443/fast"]
  ignore line: [/usr/bin/make -f CMakeFiles/cmTryCompileExec872977443.dir/build.make CMakeFiles/cmTryCompileExec872977443.dir/build]
  ignore line: [make[1]: Entering directory `/home/surender/Downloads/liquidfun-1.1.0/liquidfun/Box2D/CMakeFiles/CMakeTmp']
  ignore line: [/usr/bin/cmake -E cmake_progress_report /home/surender/Downloads/liquidfun-1.1.0/liquidfun/Box2D/CMakeFiles/CMakeTmp/CMakeFiles 1]
  ignore line: [Building C object CMakeFiles/cmTryCompileExec872977443.dir/CMakeCCompilerABI.c.o]
  ignore line: [/usr/bin/cc    -o CMakeFiles/cmTryCompileExec872977443.dir/CMakeCCompilerABI.c.o   -c /usr/share/cmake-2.8/Modules/CMakeCCompilerABI.c]
  ignore line: [Linking C executable cmTryCompileExec872977443]
  ignore line: [/usr/bin/cmake -E cmake_link_script CMakeFiles/cmTryCompileExec872977443.dir/link.txt --verbose=1]
  ignore line: [/usr/bin/cc     -v CMakeFiles/cmTryCompileExec872977443.dir/CMakeCCompilerABI.c.o  -o cmTryCompileExec872977443 -rdynamic  ]
  ignore line: [Using built-in specs.]
  ignore line: [COLLECT_GCC=/usr/bin/cc]
  ignore line: [COLLECT_LTO_WRAPPER=/usr/lib/gcc/x86_64-linux-gnu/4.8/lto-wrapper]
  ignore line: [Target: x86_64-linux-gnu]
  ignore line: [Configured with: ../src/configure -v --with-pkgversion='Ubuntu 4.8.4-2ubuntu1~14.04' --with-bugurl=file:///usr/share/doc/gcc-4.8/README.Bugs --enable-languages=c,c++,java,go,d,fortran,objc,obj-c++ --prefix=/usr --program-suffix=-4.8 --enable-shared --enable-linker-build-id --libexecdir=/usr/lib --without-included-gettext --enable-threads=posix --with-gxx-include-dir=/usr/include/c++/4.8 --libdir=/usr/lib --enable-nls --with-sysroot=/ --enable-clocale=gnu --enable-libstdcxx-debug --enable-libstdcxx-time=yes --enable-gnu-unique-object --disable-libmudflap --enable-plugin --with-system-zlib --disable-browser-plugin --enable-java-awt=gtk --enable-gtk-cairo --with-java-home=/usr/lib/jvm/java-1.5.0-gcj-4.8-amd64/jre --enable-java-home --with-jvm-root-dir=/usr/lib/jvm/java-1.5.0-gcj-4.8-amd64 --with-jvm-jar-dir=/usr/lib/jvm-exports/java-1.5.0-gcj-4.8-amd64 --with-arch-directory=amd64 --with-ecj-jar=/usr/share/java/eclipse-ecj.jar --enable-objc-gc --enable-multiarch --disable-werror --with-arch-32=i686 --with-abi=m64 --with-multilib-list=m32,m64,mx32 --with-tune=generic --enable-checking=release --build=x86_64-linux-gnu --host=x86_64-linux-gnu --target=x86_64-linux-gnu]
  ignore line: [Thread model: posix]
  ignore line: [gcc version 4.8.4 (Ubuntu 4.8.4-2ubuntu1~14.04) ]
  ignore line: [COMPILER_PATH=/usr/lib/gcc/x86_64-linux-gnu/4.8/:/usr/lib/gcc/x86_64-linux-gnu/4.8/:/usr/lib/gcc/x86_64-linux-gnu/:/usr/lib/gcc/x86_64-linux-gnu/4.8/:/usr/lib/gcc/x86_64-linux-gnu/]
  ignore line: [LIBRARY_PATH=/usr/lib/gcc/x86_64-linux-gnu/4.8/:/usr/lib/gcc/x86_64-linux-gnu/4.8/../../../x86_64-linux-gnu/:/usr/lib/gcc/x86_64-linux-gnu/4.8/../../../../lib/:/lib/x86_64-linux-gnu/:/lib/../lib/:/usr/lib/x86_64-linux-gnu/:/usr/lib/../lib/:/usr/lib/gcc/x86_64-linux-gnu/4.8/../../../:/lib/:/usr/lib/]
  ignore line: [COLLECT_GCC_OPTIONS='-v' '-o' 'cmTryCompileExec872977443' '-rdynamic' '-mtune=generic' '-march=x86-64']
  link line: [ /usr/lib/gcc/x86_64-linux-gnu/4.8/collect2 --sysroot=/ --build-id --eh-frame-hdr -m elf_x86_64 --hash-style=gnu --as-needed -export-dynamic -dynamic-linker /lib64/ld-linux-x86-64.so.2 -z relro -o cmTryCompileExec872977443 /usr/lib/gcc/x86_64-linux-gnu/4.8/../../../x86_64-linux-gnu/crt1.o /usr/lib/gcc/x86_64-linux-gnu/4.8/../../../x86_64-linux-gnu/crti.o /usr/lib/gcc/x86_64-linux-gnu/4.8/crtbegin.o -L/usr/lib/gcc/x86_64-linux-gnu/4.8 -L/usr/lib/gcc/x86_64-linux-gnu/4.8/../../../x86_64-linux-gnu -L/usr/lib/gcc/x86_64-linux-gnu/4.8/../../../../lib -L/lib/x86_64-linux-gnu -L/lib/../lib -L/usr/lib/x86_64-linux-gnu -L/usr/lib/../lib -L/usr/lib/gcc/x86_64-linux-gnu/4.8/../../.. CMakeFiles/cmTryCompileExec872977443.dir/CMakeCCompilerABI.c.o -lgcc --as-needed -lgcc_s --no-as-needed -lc -lgcc --as-needed -lgcc_s --no-as-needed /usr/lib/gcc/x86_64-linux-gnu/4.8/crtend.o /usr/lib/gcc/x86_64-linux-gnu/4.8/../../../x86_64-linux-gnu/crtn.o]
    arg [/usr/lib/gcc/x86_64-linux-gnu/4.8/collect2] ==> ignore
    arg [--sysroot=/] ==> ignore
    arg [--build-id] ==> ignore
    arg [--eh-frame-hdr] ==> ignore
    arg [-m] ==> ignore
    arg [elf_x86_64] ==> ignore
    arg [--hash-style=gnu] ==> ignore
    arg [--as-needed] ==> ignore
    arg [-export-dynamic] ==> ignore
    arg [-dynamic-linker] ==> ignore
    arg [/lib64/ld-linux-x86-64.so.2] ==> ignore
    arg [-zrelro] ==> ignore
    arg [-o] ==> ignore
    arg [cmTryCompileExec872977443] ==> ignore
    arg [/usr/lib/gcc/x86_64-linux-gnu/4.8/../../../x86_64-linux-gnu/crt1.o] ==> ignore
    arg [/usr/lib/gcc/x86_64-linux-gnu/4.8/../../../x86_64-linux-gnu/crti.o] ==> ignore
    arg [/usr/lib/gcc/x86_64-linux-gnu/4.8/crtbegin.o] ==> ignore
    arg [-L/usr/lib/gcc/x86_64-linux-gnu/4.8] ==> dir [/usr/lib/gcc/x86_64-linux-gnu/4.8]
    arg [-L/usr/lib/gcc/x86_64-linux-gnu/4.8/../../../x86_64-linux-gnu] ==> dir [/usr/lib/gcc/x86_64-linux-gnu/4.8/../../../x86_64-linux-gnu]
    arg [-L/usr/lib/gcc/x86_64-linux-gnu/4.8/../../../../lib] ==> dir [/usr/lib/gcc/x86_64-linux-gnu/4.8/../../../../lib]
    arg [-L/lib/x86_64-linux-gnu] ==> dir [/lib/x86_64-linux-gnu]
    arg [-L/lib/../lib] ==> dir [/lib/../lib]
    arg [-L/usr/lib/x86_64-linux-gnu] ==> dir [/usr/lib/x86_64-linux-gnu]
    arg [-L/usr/lib/../lib] ==> dir [/usr/lib/../lib]
    arg [-L/usr/lib/gcc/x86_64-linux-gnu/4.8/../../..] ==> dir [/usr/lib/gcc/x86_64-linux-gnu/4.8/../../..]
    arg [CMakeFiles/cmTryCompileExec872977443.dir/CMakeCCompilerABI.c.o] ==> ignore
    arg [-lgcc] ==> lib [gcc]
    arg [--as-needed] ==> ignore
    arg [-lgcc_s] ==> lib [gcc_s]
    arg [--no-as-needed] ==> ignore
    arg [-lc] ==> lib [c]
    arg [-lgcc] ==> lib [gcc]
    arg [--as-needed] ==> ignore
    arg [-lgcc_s] ==> lib [gcc_s]
    arg [--no-as-needed] ==> ignore
    arg [/usr/lib/gcc/x86_64-linux-gnu/4.8/crtend.o] ==> ignore
    arg [/usr/lib/gcc/x86_64-linux-gnu/4.8/../../../x86_64-linux-gnu/crtn.o] ==> ignore
  remove lib [gcc]
  remove lib [gcc_s]
  remove lib [gcc]
  remove lib [gcc_s]
  collapse library dir [/usr/lib/gcc/x86_64-linux-gnu/4.8] ==> [/usr/lib/gcc/x86_64-linux-gnu/4.8]
  collapse library dir [/usr/lib/gcc/x86_64-linux-gnu/4.8/../../../x86_64-linux-gnu] ==> [/usr/lib/x86_64-linux-gnu]
  collapse library dir [/usr/lib/gcc/x86_64-linux-gnu/4.8/../../../../lib] ==> [/usr/lib]
  collapse library dir [/lib/x86_64-linux-gnu] ==> [/lib/x86_64-linux-gnu]
  collapse library dir [/lib/../lib] ==> [/lib]
  collapse library dir [/usr/lib/x86_64-linux-gnu] ==> [/usr/lib/x86_64-linux-gnu]
  collapse library dir [/usr/lib/../lib] ==> [/usr/lib]
  collapse library dir [/usr/lib/gcc/x86_64-linux-gnu/4.8/../../..] ==> [/usr/lib]
  implicit libs: [c]
  implicit dirs: [/usr/lib/gcc/x86_64-linux-gnu/4.8;/usr/lib/x86_64-linux-gnu;/usr/lib;/lib/x86_64-linux-gnu;/lib]
  implicit fwks: []


Determining if the CXX compiler works passed with the following output:
Change Dir: /home/surender/Downloads/liquidfun-1.1.0/liquidfun/Box2D/CMakeFiles/CMakeTmp

Run Build Command:/usr/bin/make "cmTryCompileExec1299840960/fast"
/usr/bin/make -f CMakeFiles/cmTryCompileExec1299840960.dir/build.make CMakeFiles/cmTryCompileExec1299840960.dir/build
make[1]: Entering directory `/home/surender/Downloads/liquidfun-1.1.0/liquidfun/Box2D/CMakeFiles/CMakeTmp'
/usr/bin/cmake -E cmake_progress_report /home/surender/Downloads/liquidfun-1.1.0/liquidfun/Box2D/CMakeFiles/CMakeTmp/CMakeFiles 1
Building CXX object CMakeFiles/cmTryCompileExec1299840960.dir/testCXXCompiler.cxx.o
/usr/bin/c++     -o CMakeFiles/cmTryCompileExec1299840960.dir/testCXXCompiler.cxx.o -c /home/surender/Downloads/liquidfun-1.1.0/liquidfun/Box2D/CMakeFiles/CMakeTmp/testCXXCompiler.cxx
Linking CXX executable cmTryCompileExec1299840960
/usr/bin/cmake -E cmake_link_script CMakeFiles/cmTryCompileExec1299840960.dir/link.txt --verbose=1
/usr/bin/c++        CMakeFiles/cmTryCompileExec1299840960.dir/testCXXCompiler.cxx.o  -o cmTryCompileExec1299840960 -rdynamic 
make[1]: Leaving directory `/home/surender/Downloads/liquidfun-1.1.0/liquidfun/Box2D/CMakeFiles/CMakeTmp'


Detecting CXX compiler ABI info compiled with the following output:
Change Dir: /home/surender/Downloads/liquidfun-1.1.0/liquidfun/Box2D/CMakeFiles/CMakeTmp

Run Build Command:/usr/bin/make "cmTryCompileExec2588954089/fast"
/usr/bin/make -f CMakeFiles/cmTryCompileExec2588954089.dir/build.make CMakeFiles/cmTryCompileExec2588954089.dir/build
make[1]: Entering directory `/home/surender/Downloads/liquidfun-1.1.0/liquidfun/Box2D/CMakeFiles/CMakeTmp'
/usr/bin/cmake -E cmake_progress_report /home/surender/Downloads/liquidfun-1.1.0/liquidfun/Box2D/CMakeFiles/CMakeTmp/CMakeFiles 1
Building CXX object CMakeFiles/cmTryCompileExec2588954089.dir/CMakeCXXCompilerABI.cpp.o
/usr/bin/c++     -o CMakeFiles/cmTryCompileExec2588954089.dir/CMakeCXXCompilerABI.cpp.o -c /usr/share/cmake-2.8/Modules/CMakeCXXCompilerABI.cpp
Linking CXX executable cmTryCompileExec2588954089
/usr/bin/cmake -E cmake_link_script CMakeFiles/cmTryCompileExec2588954089.dir/link.txt --verbose=1
/usr/bin/c++      -v CMakeFiles/cmTryCompileExec2588954089.dir/CMakeCXXCompilerABI.cpp.o  -o cmTryCompileExec2588954089 -rdynamic  
Using built-in specs.
COLLECT_GCC=/usr/bin/c++
COLLECT_LTO_WRAPPER=/usr/lib/gcc/x86_64-linux-gnu/4.8/lto-wrapper
Target: x86_64-linux-gnu
Configured with: ../src/configure -v --with-pkgversion='Ubuntu 4.8.4-2ubuntu1~14.04' --with-bugurl=file:///usr/share/doc/gcc-4.8/README.Bugs --enable-languages=c,c++,java,go,d,fortran,objc,obj-c++ --prefix=/usr --program-suffix=-4.8 --enable-shared --enable-linker-build-id --libexecdir=/usr/lib --without-included-gettext --enable-threads=posix --with-gxx-include-dir=/usr/include/c++/4.8 --libdir=/usr/lib --enable-nls --with-sysroot=/ --enable-clocale=gnu --enable-libstdcxx-debug --enable-libstdcxx-time=yes --enable-gnu-unique-object --disable-libmudflap --enable-plugin --with-system-zlib --disable-browser-plugin --enable-java-awt=gtk --enable-gtk-cairo --with-java-home=/usr/lib/jvm/java-1.5.0-gcj-4.8-amd64/jre --enable-java-home --with-jvm-root-dir=/usr/lib/jvm/java-1.5.0-gcj-4.8-amd64 --with-jvm-jar-dir=/usr/lib/jvm-exports/java-1.5.0-gcj-4.8-amd64 --with-arch-directory=amd64 --with-ecj-jar=/usr/share/java/eclipse-ecj.jar --enable-objc-gc --enable-multiarch --disable-werror --with-arch-32=i686 --with-abi=m64 --with-multilib-list=m32,m64,mx32 --with-tune=generic --enable-checking=release --build=x86_64-linux-gnu --host=x86_64-linux-gnu --target=x86_64-linux-gnu
Thread model: posix
gcc version 4.8.4 (Ubuntu 4.8.4-2ubuntu1~14.04) 
COMPILER_PATH=/usr/lib/gcc/x86_64-linux-gnu/4.8/:/usr/lib/gcc/x86_64-linux-gnu/4.8/:/usr/lib/gcc/x86_64-linux-gnu/:/usr/lib/gcc/x86_64-linux-gnu/4.8/:/usr/lib/gcc/x86_64-linux-gnu/
LIBRARY_PATH=/usr/lib/gcc/x86_64-linux-gnu/4.8/:/usr/lib/gcc/x86_64-linux-gnu/4.8/../../../x86_64-linux-gnu/:/usr/lib/gcc/x86_64-linux-gnu/4.8/../../../../lib/:/lib/x86_64-linux-gnu/:/lib/../lib/:/usr/lib/x86_64-linux-gnu/:/usr/lib/../lib/:/usr/lib/gcc/x86_64-linux-gnu/4.8/../../../:/lib/:/usr/lib/
COLLECT_GCC_OPTIONS='-v' '-o' 'cmTryCompileExec2588954089' '-rdynamic' '-shared-libgcc' '-mtune=generic' '-march=x86-64'
 /usr/lib/gcc/x86_64-linux-gnu/4.8/collect2 --sysroot=/ --build-id --eh-frame-hdr -m elf_x86_64 --hash-style=gnu --as-needed -export-dynamic -dynamic-linker /lib64/ld-linux-x86-64.so.2 -z relro -o cmTryCompileExec2588954089 /usr/lib/gcc/x86_64-linux-gnu/4.8/../../../x86_64-linux-gnu/crt1.o /usr/lib/gcc/x86_64-linux-gnu/4.8/../../../x86_64-linux-gnu/crti.o /usr/lib/gcc/x86_64-linux-gnu/4.8/crtbegin.o -L/usr/lib/gcc/x86_64-linux-gnu/4.8 -L/usr/lib/gcc/x86_64-linux-gnu/4.8/../../../x86_64-linux-gnu -L/usr/lib/gcc/x86_64-linux-gnu/4.8/../../../../lib -L/lib/x86_64-linux-gnu -L/lib/../lib -L/usr/lib/x86_64-linux-gnu -L/usr/lib/../lib -L/usr/lib/gcc/x86_64-linux-gnu/4.8/../../.. CMakeFiles/cmTryCompileExec2588954089.dir/CMakeCXXCompilerABI.cpp.o -lstdc++ -lm -lgcc_s -lgcc -lc -lgcc_s -lgcc /usr/lib/gcc/x86_64-linux-gnu/4.8/crtend.o /usr/lib/gcc/x86_64-linux-gnu/4.8/../../../x86_64-linux-gnu/crtn.o
make[1]: Leaving directory `/home/surender/Downloads/liquidfun-1.1.0/liquidfun/Box2D/CMakeFiles/CMakeTmp'


Parsed CXX implicit link information from above output:
  link line regex: [^( *|.*[/\])(ld|([^/\]+-)?ld|collect2)[^/\]*( |$)]
  ignore line: [Change Dir: /home/surender/Downloads/liquidfun-1.1.0/liquidfun/Box2D/CMakeFiles/CMakeTmp]
  ignore line: []
  ignore line: [Run Build Command:/usr/bin/make "cmTryCompileExec2588954089/fast"]
  ignore line: [/usr/bin/make -f CMakeFiles/cmTryCompileExec2588954089.dir/build.make CMakeFiles/cmTryCompileExec2588954089.dir/build]
  ignore line: [make[1]: Entering directory `/home/surender/Downloads/liquidfun-1.1.0/liquidfun/Box2D/CMakeFiles/CMakeTmp']
  ignore line: [/usr/bin/cmake -E cmake_progress_report /home/surender/Downloads/liquidfun-1.1.0/liquidfun/Box2D/CMakeFiles/CMakeTmp/CMakeFiles 1]
  ignore line: [Building CXX object CMakeFiles/cmTryCompileExec2588954089.dir/CMakeCXXCompilerABI.cpp.o]
  ignore line: [/usr/bin/c++     -o CMakeFiles/cmTryCompileExec2588954089.dir/CMakeCXXCompilerABI.cpp.o -c /usr/share/cmake-2.8/Modules/CMakeCXXCompilerABI.cpp]
  ignore line: [Linking CXX executable cmTryCompileExec2588954089]
  ignore line: [/usr/bin/cmake -E cmake_link_script CMakeFiles/cmTryCompileExec2588954089.dir/link.txt --verbose=1]
  ignore line: [/usr/bin/c++      -v CMakeFiles/cmTryCompileExec2588954089.dir/CMakeCXXCompilerABI.cpp.o  -o cmTryCompileExec2588954089 -rdynamic  ]
  ignore line: [Using built-in specs.]
  ignore line: [COLLECT_GCC=/usr/bin/c++]
  ignore line: [COLLECT_LTO_WRAPPER=/usr/lib/gcc/x86_64-linux-gnu/4.8/lto-wrapper]
  ignore line: [Target: x86_64-linux-gnu]
  ignore line: [Configured with: ../src/configure -v --with-pkgversion='Ubuntu 4.8.4-2ubuntu1~14.04' --with-bugurl=file:///usr/share/doc/gcc-4.8/README.Bugs --enable-languages=c,c++,java,go,d,fortran,objc,obj-c++ --prefix=/usr --program-suffix=-4.8 --enable-shared --enable-linker-build-id --libexecdir=/usr/lib --without-included-gettext --enable-threads=posix --with-gxx-include-dir=/usr/include/c++/4.8 --libdir=/usr/lib --enable-nls --with-sysroot=/ --enable-clocale=gnu --enable-libstdcxx-debug --enable-libstdcxx-time=yes --enable-gnu-unique-object --disable-libmudflap --enable-plugin --with-system-zlib --disable-browser-plugin --enable-java-awt=gtk --enable-gtk-cairo --with-java-home=/usr/lib/jvm/java-1.5.0-gcj-4.8-amd64/jre --enable-java-home --with-jvm-root-dir=/usr/lib/jvm/java-1.5.0-gcj-4.8-amd64 --with-jvm-jar-dir=/usr/lib/jvm-exports/java-1.5.0-gcj-4.8-amd64 --with-arch-directory=amd64 --with-ecj-jar=/usr/share/java/eclipse-ecj.jar --enable-objc-gc --enable-multiarch --disable-werror --with-arch-32=i686 --with-abi=m64 --with-multilib-list=m32,m64,mx32 --with-tune=generic --enable-checking=release --build=x86_64-linux-gnu --host=x86_64-linux-gnu --target=x86_64-linux-gnu]
  ignore line: [Thread model: posix]
  ignore line: [gcc version 4.8.4 (Ubuntu 4.8.4-2ubuntu1~14.04) ]
  ignore line: [COMPILER_PATH=/usr/lib/gcc/x86_64-linux-gnu/4.8/:/usr/lib/gcc/x86_64-linux-gnu/4.8/:/usr/lib/gcc/x86_64-linux-gnu/:/usr/lib/gcc/x86_64-linux-gnu/4.8/:/usr/lib/gcc/x86_64-linux-gnu/]
  ignore line: [LIBRARY_PATH=/usr/lib/gcc/x86_64-linux-gnu/4.8/:/usr/lib/gcc/x86_64-linux-gnu/4.8/../../../x86_64-linux-gnu/:/usr/lib/gcc/x86_64-linux-gnu/4.8/../../../../lib/:/lib/x86_64-linux-gnu/:/lib/../lib/:/usr/lib/x86_64-linux-gnu/:/usr/lib/../lib/:/usr/lib/gcc/x86_64-linux-gnu/4.8/../../../:/lib/:/usr/lib/]
  ignore line: [COLLECT_GCC_OPTIONS='-v' '-o' 'cmTryCompileExec2588954089' '-rdynamic' '-shared-libgcc' '-mtune=generic' '-march=x86-64']
  link line: [ /usr/lib/gcc/x86_64-linux-gnu/4.8/collect2 --sysroot=/ --build-id --eh-frame-hdr -m elf_x86_64 --hash-style=gnu --as-needed -export-dynamic -dynamic-linker /lib64/ld-linux-x86-64.so.2 -z relro -o cmTryCompileExec2588954089 /usr/lib/gcc/x86_64-linux-gnu/4.8/../../../x86_64-linux-gnu/crt1.o /usr/lib/gcc/x86_64-linux-gnu/4.8/../../../x86_64-linux-gnu/crti.o /usr/lib/gcc/x86_64-linux-gnu/4.8/crtbegin.o -L/usr/lib/gcc/x86_64-linux-gnu/4.8 -L/usr/lib/gcc/x86_64-linux-gnu/4.8/../../../x86_64-linux-gnu -L/usr/lib/gcc/x86_64-linux-gnu/4.8/../../../../lib -L/lib/x86_64-linux-gnu -L/lib/../lib -L/usr/lib/x86_64-linux-gnu -L/usr/lib/../lib -L/usr/lib/gcc/x86_64-linux-gnu/4.8/../../.. CMakeFiles/cmTryCompileExec2588954089.dir/CMakeCXXCompilerABI.cpp.o -lstdc++ -lm -lgcc_s -lgcc -lc -lgcc_s -lgcc /usr/lib/gcc/x86_64-linux-gnu/4.8/crtend.o /usr/lib/gcc/x86_64-linux-gnu/4.8/../../../x86_64-linux-gnu/crtn.o]
    arg [/usr/lib/gcc/x86_64-linux-gnu/4.8/collect2] ==> ignore
    arg [--sysroot=/] ==> ignore
    arg [--build-id] ==> ignore
    arg [--eh-frame-hdr] ==> ignore
    arg [-m] ==> ignore
    arg [elf_x86_64] ==> ignore
    arg [--hash-style=gnu] ==> ignore
    arg [--as-needed] ==> ignore
    arg [-export-dynamic] ==> ignore
    arg [-dynamic-linker] ==> ignore
    arg [/lib64/ld-linux-x86-64.so.2] ==> ignore
    arg [-zrelro] ==> ignore
    arg [-o] ==> ignore
    arg [cmTryCompileExec2588954089] ==> ignore
    arg [/usr/lib/gcc/x86_64-linux-gnu/4.8/../../../x86_64-linux-gnu/crt1.o] ==> ignore
    arg [/usr/lib/gcc/x86_64-linux-gnu/4.8/../../../x86_64-linux-gnu/crti.o] ==> ignore
    arg [/usr/lib/gcc/x86_64-linux-gnu/4.8/crtbegin.o] ==> ignore
    arg [-L/usr/lib/gcc/x86_64-linux-gnu/4.8] ==> dir [/usr/lib/gcc/x86_64-linux-gnu/4.8]
    arg [-L/usr/lib/gcc/x86_64-linux-gnu/4.8/../../../x86_64-linux-gnu] ==> dir [/usr/lib/gcc/x86_64-linux-gnu/4.8/../../../x86_64-linux-gnu]
    arg [-L/usr/lib/gcc/x86_64-linux-gnu/4.8/../../../../lib] ==> dir [/usr/lib/gcc/x86_64-linux-gnu/4.8/../../../../lib]
    arg [-L/lib/x86_64-linux-gnu] ==> dir [/lib/x86_64-linux-gnu]
    arg [-L/lib/../lib] ==> dir [/lib/../lib]
    arg [-L/usr/lib/x86_64-linux-gnu] ==> dir [/usr/lib/x86_64-linux-gnu]
    arg [-L/usr/lib/../lib] ==> dir [/usr/lib/../lib]
    arg [-L/usr/lib/gcc/x86_64-linux-gnu/4.8/../../..] ==> dir [/usr/lib/gcc/x86_64-linux-gnu/4.8/../../..]
    arg [CMakeFiles/cmTryCompileExec2588954089.dir/CMakeCXXCompilerABI.cpp.o] ==> ignore
    arg [-lstdc++] ==> lib [stdc++]
    arg [-lm] ==> lib [m]
    arg [-lgcc_s] ==> lib [gcc_s]
    arg [-lgcc] ==> lib [gcc]
    arg [-lc] ==> lib [c]
    arg [-lgcc_s] ==> lib [gcc_s]
    arg [-lgcc] ==> lib [gcc]
    arg [/usr/lib/gcc/x86_64-linux-gnu/4.8/crtend.o] ==> ignore
    arg [/usr/lib/gcc/x86_64-linux-gnu/4.8/../../../x86_64-linux-gnu/crtn.o] ==> ignore
  remove lib [gcc_s]
  remove lib [gcc]
  remove lib [gcc_s]
  remove lib [gcc]
  collapse library dir [/usr/lib/gcc/x86_64-linux-gnu/4.8] ==> [/usr/lib/gcc/x86_64-linux-gnu/4.8]
  collapse library dir [/usr/lib/gcc/x86_64-linux-gnu/4.8/../../../x86_64-linux-gnu] ==> [/usr/lib/x86_64-linux-gnu]
  collapse library dir [/usr/lib/gcc/x86_64-linux-gnu/4.8/../../../../lib] ==> [/usr/lib]
  collapse library dir [/lib/x86_64-linux-gnu] ==> [/lib/x86_64-linux-gnu]
  collapse library dir [/lib/../lib] ==> [/lib]
  collapse library dir [/usr/lib/x86_64-linux-gnu] ==> [/usr/lib/x86_64-linux-gnu]
  collapse library dir [/usr/lib/../lib] ==> [/usr/lib]
  collapse library dir [/usr/lib/gcc/x86_64-linux-gnu/4.8/../../..] ==> [/usr/lib]
  implicit libs: [stdc++;m;c]
  implicit dirs: [/usr/lib/gcc/x86_64-linux-gnu/4.8;/usr/lib/x86_64-linux-gnu;/usr/lib;/lib/x86_64-linux-gnu;/lib]
  implicit fwks: []


Determining if the function XOpenDisplay exists in the /usr/lib/x86_64-linux-gnu/libX11.so;/usr/lib/x86_64-linux-gnu/libXext.so passed with the following output:
Change Dir: /home/surender/Downloads/liquidfun-1.1.0/liquidfun/Box2D/CMakeFiles/CMakeTmp

Run Build Command:/usr/bin/make "cmTryCompileExec3214438815/fast"
/usr/bin/make -f CMakeFiles/cmTryCompileExec3214438815.dir/build.make CMakeFiles/cmTryCompileExec3214438815.dir/build
make[1]: Entering directory `/home/surender/Downloads/liquidfun-1.1.0/liquidfun/Box2D/CMakeFiles/CMakeTmp'
/usr/bin/cmake -E cmake_progress_report /home/surender/Downloads/liquidfun-1.1.0/liquidfun/Box2D/CMakeFiles/CMakeTmp/CMakeFiles 1
Building C object CMakeFiles/cmTryCompileExec3214438815.dir/CheckFunctionExists.c.o
/usr/bin/cc   -DDEBUG=0 -Wall -Werror -Wno-long-long -Wno-variadic-macros -DCHECK_FUNCTION_EXISTS=XOpenDisplay   -o CMakeFiles/cmTryCompileExec3214438815.dir/CheckFunctionExists.c.o   -c /usr/share/cmake-2.8/Modules/CheckFunctionExists.c
Linking C executable cmTryCompileExec3214438815
/usr/bin/cmake -E cmake_link_script CMakeFiles/cmTryCompileExec3214438815.dir/link.txt --verbose=1
/usr/bin/cc   -DDEBUG=0 -Wall -Werror -Wno-long-long -Wno-variadic-macros -DCHECK_FUNCTION_EXISTS=XOpenDisplay    CMakeFiles/cmTryCompileExec3214438815.dir/CheckFunctionExists.c.o  -o cmTryCompileExec3214438815 -rdynamic -lX11 -lXext 
make[1]: Leaving directory `/home/surender/Downloads/liquidfun-1.1.0/liquidfun/Box2D/CMakeFiles/CMakeTmp'


Determining if the function gethostbyname exists passed with the following output:
Change Dir: /home/surender/Downloads/liquidfun-1.1.0/liquidfun/Box2D/CMakeFiles/CMakeTmp

Run Build Command:/usr/bin/make "cmTryCompileExec3076638982/fast"
/usr/bin/make -f CMakeFiles/cmTryCompileExec3076638982.dir/build.make CMakeFiles/cmTryCompileExec3076638982.dir/build
make[1]: Entering directory `/home/surender/Downloads/liquidfun-1.1.0/liquidfun/Box2D/CMakeFiles/CMakeTmp'
/usr/bin/cmake -E cmake_progress_report /home/surender/Downloads/liquidfun-1.1.0/liquidfun/Box2D/CMakeFiles/CMakeTmp/CMakeFiles 1
Building C object CMakeFiles/cmTryCompileExec3076638982.dir/CheckFunctionExists.c.o
/usr/bin/cc   -DDEBUG=0 -Wall -Werror -Wno-long-long -Wno-variadic-macros -DCHECK_FUNCTION_EXISTS=gethostbyname   -o CMakeFiles/cmTryCompileExec3076638982.dir/CheckFunctionExists.c.o   -c /usr/share/cmake-2.8/Modules/CheckFunctionExists.c
Linking C executable cmTryCompileExec3076638982
/usr/bin/cmake -E cmake_link_script CMakeFiles/cmTryCompileExec3076638982.dir/link.txt --verbose=1
/usr/bin/cc   -DDEBUG=0 -Wall -Werror -Wno-long-long -Wno-variadic-macros -DCHECK_FUNCTION_EXISTS=gethostbyname    CMakeFiles/cmTryCompileExec3076638982.dir/CheckFunctionExists.c.o  -o cmTryCompileExec3076638982 -rdynamic 
make[1]: Leaving directory `/home/surender/Downloads/liquidfun-1.1.0/liquidfun/Box2D/CMakeFiles/CMakeTmp'


Determining if the function connect exists passed with the following output:
Change Dir: /home/surender/Downloads/liquidfun-1.1.0/liquidfun/Box2D/CMakeFiles/CMakeTmp

Run Build Command:/usr/bin/make "cmTryCompileExec1699128238/fast"
/usr/bin/make -f CMakeFiles/cmTryCompileExec1699128238.dir/build.make CMakeFiles/cmTryCompileExec1699128238.dir/build
make[1]: Entering directory `/home/surender/Downloads/liquidfun-1.1.0/liquidfun/Box2D/CMakeFiles/CMakeTmp'
/usr/bin/cmake -E cmake_progress_report /home/surender/Downloads/liquidfun-1.1.0/liquidfun/Box2D/CMakeFiles/CMakeTmp/CMakeFiles 1
Building C object CMakeFiles/cmTryCompileExec1699128238.dir/CheckFunctionExists.c.o
/usr/bin/cc   -DDEBUG=0 -Wall -Werror -Wno-long-long -Wno-variadic-macros -DCHECK_FUNCTION_EXISTS=connect   -o CMakeFiles/cmTryCompileExec1699128238.dir/CheckFunctionExists.c.o   -c /usr/share/cmake-2.8/Modules/CheckFunctionExists.c
Linking C executable cmTryCompileExec1699128238
/usr/bin/cmake -E cmake_link_script CMakeFiles/cmTryCompileExec1699128238.dir/link.txt --verbose=1
/usr/bin/cc   -DDEBUG=0 -Wall -Werror -Wno-long-long -Wno-variadic-macros -DCHECK_FUNCTION_EXISTS=connect    CMakeFiles/cmTryCompileExec1699128238.dir/CheckFunctionExists.c.o  -o cmTryCompileExec1699128238 -rdynamic 
make[1]: Leaving directory `/home/surender/Downloads/liquidfun-1.1.0/liquidfun/Box2D/CMakeFiles/CMakeTmp'


Determining if the function remove exists passed with the following output:
Change Dir: /home/surender/Downloads/liquidfun-1.1.0/liquidfun/Box2D/CMakeFiles/CMakeTmp

Run Build Command:/usr/bin/make "cmTryCompileExec463177323/fast"
/usr/bin/make -f CMakeFiles/cmTryCompileExec463177323.dir/build.make CMakeFiles/cmTryCompileExec463177323.dir/build
make[1]: Entering directory `/home/surender/Downloads/liquidfun-1.1.0/liquidfun/Box2D/CMakeFiles/CMakeTmp'
/usr/bin/cmake -E cmake_progress_report /home/surender/Downloads/liquidfun-1.1.0/liquidfun/Box2D/CMakeFiles/CMakeTmp/CMakeFiles 1
Building C object CMakeFiles/cmTryCompileExec463177323.dir/CheckFunctionExists.c.o
/usr/bin/cc   -DDEBUG=0 -Wall -Werror -Wno-long-long -Wno-variadic-macros -DCHECK_FUNCTION_EXISTS=remove   -o CMakeFiles/cmTryCompileExec463177323.dir/CheckFunctionExists.c.o   -c /usr/share/cmake-2.8/Modules/CheckFunctionExists.c
Linking C executable cmTryCompileExec463177323
/usr/bin/cmake -E cmake_link_script CMakeFiles/cmTryCompileExec463177323.dir/link.txt --verbose=1
/usr/bin/cc   -DDEBUG=0 -Wall -Werror -Wno-long-long -Wno-variadic-macros -DCHECK_FUNCTION_EXISTS=remove    CMakeFiles/cmTryCompileExec463177323.dir/CheckFunctionExists.c.o  -o cmTryCompileExec463177323 -rdynamic 
make[1]: Leaving directory `/home/surender/Downloads/liquidfun-1.1.0/liquidfun/Box2D/CMakeFiles/CMakeTmp'


Determining if the function shmat exists passed with the following output:
Change Dir: /home/surender/Downloads/liquidfun-1.1.0/liquidfun/Box2D/CMakeFiles/CMakeTmp

Run Build Command:/usr/bin/make "cmTryCompileExec3840400265/fast"
/usr/bin/make -f CMakeFiles/cmTryCompileExec3840400265.dir/build.make CMakeFiles/cmTryCompileExec3840400265.dir/build
make[1]: Entering directory `/home/surender/Downloads/liquidfun-1.1.0/liquidfun/Box2D/CMakeFiles/CMakeTmp'
/usr/bin/cmake -E cmake_progress_report /home/surender/Downloads/liquidfun-1.1.0/liquidfun/Box2D/CMakeFiles/CMakeTmp/CMakeFiles 1
Building C object CMakeFiles/cmTryCompileExec3840400265.dir/CheckFunctionExists.c.o
/usr/bin/cc   -DDEBUG=0 -Wall -Werror -Wno-long-long -Wno-variadic-macros -DCHECK_FUNCTION_EXISTS=shmat   -o CMakeFiles/cmTryCompileExec3840400265.dir/CheckFunctionExists.c.o   -c /usr/share/cmake-2.8/Modules/CheckFunctionExists.c
Linking C executable cmTryCompileExec3840400265
/usr/bin/cmake -E cmake_link_script CMakeFiles/cmTryCompileExec3840400265.dir/link.txt --verbose=1
/usr/bin/cc   -DDEBUG=0 -Wall -Werror -Wno-long-long -Wno-variadic-macros -DCHECK_FUNCTION_EXISTS=shmat    CMakeFiles/cmTryCompileExec3840400265.dir/CheckFunctionExists.c.o  -o cmTryCompileExec3840400265 -rdynamic 
make[1]: Leaving directory `/home/surender/Downloads/liquidfun-1.1.0/liquidfun/Box2D/CMakeFiles/CMakeTmp'


Determining if the function IceConnectionNumber exists in the ICE passed with the following output:
Change Dir: /home/surender/Downloads/liquidfun-1.1.0/liquidfun/Box2D/CMakeFiles/CMakeTmp

Run Build Command:/usr/bin/make "cmTryCompileExec3198207056/fast"
/usr/bin/make -f CMakeFiles/cmTryCompileExec3198207056.dir/build.make CMakeFiles/cmTryCompileExec3198207056.dir/build
make[1]: Entering directory `/home/surender/Downloads/liquidfun-1.1.0/liquidfun/Box2D/CMakeFiles/CMakeTmp'
/usr/bin/cmake -E cmake_progress_report /home/surender/Downloads/liquidfun-1.1.0/liquidfun/Box2D/CMakeFiles/CMakeTmp/CMakeFiles 1
Building C object CMakeFiles/cmTryCompileExec3198207056.dir/CheckFunctionExists.c.o
/usr/bin/cc   -DDEBUG=0 -Wall -Werror -Wno-long-long -Wno-variadic-macros -DCHECK_FUNCTION_EXISTS=IceConnectionNumber   -o CMakeFiles/cmTryCompileExec3198207056.dir/CheckFunctionExists.c.o   -c /usr/share/cmake-2.8/Modules/CheckFunctionExists.c
Linking C executable cmTryCompileExec3198207056
/usr/bin/cmake -E cmake_link_script CMakeFiles/cmTryCompileExec3198207056.dir/link.txt --verbose=1
/usr/bin/cc   -DDEBUG=0 -Wall -Werror -Wno-long-long -Wno-variadic-macros -DCHECK_FUNCTION_EXISTS=IceConnectionNumber    CMakeFiles/cmTryCompileExec3198207056.dir/CheckFunctionExists.c.o  -o cmTryCompileExec3198207056 -rdynamic -lICE 
make[1]: Leaving directory `/home/surender/Downloads/liquidfun-1.1.0/liquidfun/Box2D/CMakeFiles/CMakeTmp'


Determining if files sys/types.h exist passed with the following output:
Change Dir: /home/surender/Downloads/liquidfun-1.1.0/liquidfun/Box2D/CMakeFiles/CMakeTmp

Run Build Command:/usr/bin/make "cmTryCompileExec3173594752/fast"
/usr/bin/make -f CMakeFiles/cmTryCompileExec3173594752.dir/build.make CMakeFiles/cmTryCompileExec3173594752.dir/build
make[1]: Entering directory `/home/surender/Downloads/liquidfun-1.1.0/liquidfun/Box2D/CMakeFiles/CMakeTmp'
/usr/bin/cmake -E cmake_progress_report /home/surender/Downloads/liquidfun-1.1.0/liquidfun/Box2D/CMakeFiles/CMakeTmp/CMakeFiles 1
Building C object CMakeFiles/cmTryCompileExec3173594752.dir/CheckIncludeFiles.c.o
/usr/bin/cc   -DDEBUG=0 -Wall -Werror -Wno-long-long -Wno-variadic-macros -Wall    -o CMakeFiles/cmTryCompileExec3173594752.dir/CheckIncludeFiles.c.o   -c /home/surender/Downloads/liquidfun-1.1.0/liquidfun/Box2D/CMakeFiles/CMakeTmp/CheckIncludeFiles.c
Linking C executable cmTryCompileExec3173594752
/usr/bin/cmake -E cmake_link_script CMakeFiles/cmTryCompileExec3173594752.dir/link.txt --verbose=1
/usr/bin/cc   -DDEBUG=0 -Wall -Werror -Wno-long-long -Wno-variadic-macros -Wall     CMakeFiles/cmTryCompileExec3173594752.dir/CheckIncludeFiles.c.o  -o cmTryCompileExec3173594752 -rdynamic 
make[1]: Leaving directory `/home/surender/Downloads/liquidfun-1.1.0/liquidfun/Box2D/CMakeFiles/CMakeTmp'


Determining if files unistd.h exist passed with the following output:
Change Dir: /home/surender/Downloads/liquidfun-1.1.0/liquidfun/Box2D/CMakeFiles/CMakeTmp

Run Build Command:/usr/bin/make "cmTryCompileExec3624099166/fast"
/usr/bin/make -f CMakeFiles/cmTryCompileExec3624099166.dir/build.make CMakeFiles/cmTryCompileExec3624099166.dir/build
make[1]: Entering directory `/home/surender/Downloads/liquidfun-1.1.0/liquidfun/Box2D/CMakeFiles/CMakeTmp'
/usr/bin/cmake -E cmake_progress_report /home/surender/Downloads/liquidfun-1.1.0/liquidfun/Box2D/CMakeFiles/CMakeTmp/CMakeFiles 1
Building C object CMakeFiles/cmTryCompileExec3624099166.dir/CheckIncludeFiles.c.o
/usr/bin/cc   -DDEBUG=0 -Wall -Werror -Wno-long-long -Wno-variadic-macros -Wall    -o CMakeFiles/cmTryCompileExec3624099166.dir/CheckIncludeFiles.c.o   -c /home/surender/Downloads/liquidfun-1.1.0/liquidfun/Box2D/CMakeFiles/CMakeTmp/CheckIncludeFiles.c
Linking C executable cmTryCompileExec3624099166
/usr/bin/cmake -E cmake_link_script CMakeFiles/cmTryCompileExec3624099166.dir/link.txt --verbose=1
/usr/bin/cc   -DDEBUG=0 -Wall -Werror -Wno-long-long -Wno-variadic-macros -Wall     CMakeFiles/cmTryCompileExec3624099166.dir/CheckIncludeFiles.c.o  -o cmTryCompileExec3624099166 -rdynamic 
make[1]: Leaving directory `/home/surender/Downloads/liquidfun-1.1.0/liquidfun/Box2D/CMakeFiles/CMakeTmp'


Determining if files sys/time.h exist passed with the following output:
Change Dir: /home/surender/Downloads/liquidfun-1.1.0/liquidfun/Box2D/CMakeFiles/CMakeTmp

Run Build Command:/usr/bin/make "cmTryCompileExec3624242263/fast"
/usr/bin/make -f CMakeFiles/cmTryCompileExec3624242263.dir/build.make CMakeFiles/cmTryCompileExec3624242263.dir/build
make[1]: Entering directory `/home/surender/Downloads/liquidfun-1.1.0/liquidfun/Box2D/CMakeFiles/CMakeTmp'
/usr/bin/cmake -E cmake_progress_report /home/surender/Downloads/liquidfun-1.1.0/liquidfun/Box2D/CMakeFiles/CMakeTmp/CMakeFiles 1
Building C object CMakeFiles/cmTryCompileExec3624242263.dir/CheckIncludeFiles.c.o
/usr/bin/cc   -DDEBUG=0 -Wall -Werror -Wno-long-long -Wno-variadic-macros -Wall    -o CMakeFiles/cmTryCompileExec3624242263.dir/CheckIncludeFiles.c.o   -c /home/surender/Downloads/liquidfun-1.1.0/liquidfun/Box2D/CMakeFiles/CMakeTmp/CheckIncludeFiles.c
Linking C executable cmTryCompileExec3624242263
/usr/bin/cmake -E cmake_link_script CMakeFiles/cmTryCompileExec3624242263.dir/link.txt --verbose=1
/usr/bin/cc   -DDEBUG=0 -Wall -Werror -Wno-long-long -Wno-variadic-macros -Wall     CMakeFiles/cmTryCompileExec3624242263.dir/CheckIncludeFiles.c.o  -o cmTryCompileExec3624242263 -rdynamic 
make[1]: Leaving directory `/home/surender/Downloads/liquidfun-1.1.0/liquidfun/Box2D/CMakeFiles/CMakeTmp'


Determining if files stdbool.h exist passed with the following output:
Change Dir: /home/surender/Downloads/liquidfun-1.1.0/liquidfun/Box2D/CMakeFiles/CMakeTmp

Run Build Command:/usr/bin/make "cmTryCompileExec2686514071/fast"
/usr/bin/make -f CMakeFiles/cmTryCompileExec2686514071.dir/build.make CMakeFiles/cmTryCompileExec2686514071.dir/build
make[1]: Entering directory `/home/surender/Downloads/liquidfun-1.1.0/liquidfun/Box2D/CMakeFiles/CMakeTmp'
/usr/bin/cmake -E cmake_progress_report /home/surender/Downloads/liquidfun-1.1.0/liquidfun/Box2D/CMakeFiles/CMakeTmp/CMakeFiles 1
Building C object CMakeFiles/cmTryCompileExec2686514071.dir/CheckIncludeFiles.c.o
/usr/bin/cc   -DDEBUG=0 -Wall -Werror -Wno-long-long -Wno-variadic-macros -Wall    -o CMakeFiles/cmTryCompileExec2686514071.dir/CheckIncludeFiles.c.o   -c /home/surender/Downloads/liquidfun-1.1.0/liquidfun/Box2D/CMakeFiles/CMakeTmp/CheckIncludeFiles.c
Linking C executable cmTryCompileExec2686514071
/usr/bin/cmake -E cmake_link_script CMakeFiles/cmTryCompileExec2686514071.dir/link.txt --verbose=1
/usr/bin/cc   -DDEBUG=0 -Wall -Werror -Wno-long-long -Wno-variadic-macros -Wall     CMakeFiles/cmTryCompileExec2686514071.dir/CheckIncludeFiles.c.o  -o cmTryCompileExec2686514071 -rdynamic 
make[1]: Leaving directory `/home/surender/Downloads/liquidfun-1.1.0/liquidfun/Box2D/CMakeFiles/CMakeTmp'


Determining if files sys/param.h exist passed with the following output:
Change Dir: /home/surender/Downloads/liquidfun-1.1.0/liquidfun/Box2D/CMakeFiles/CMakeTmp

Run Build Command:/usr/bin/make "cmTryCompileExec1664850310/fast"
/usr/bin/make -f CMakeFiles/cmTryCompileExec1664850310.dir/build.make CMakeFiles/cmTryCompileExec1664850310.dir/build
make[1]: Entering directory `/home/surender/Downloads/liquidfun-1.1.0/liquidfun/Box2D/CMakeFiles/CMakeTmp'
/usr/bin/cmake -E cmake_progress_report /home/surender/Downloads/liquidfun-1.1.0/liquidfun/Box2D/CMakeFiles/CMakeTmp/CMakeFiles 1
Building C object CMakeFiles/cmTryCompileExec1664850310.dir/CheckIncludeFiles.c.o
/usr/bin/cc   -DDEBUG=0 -Wall -Werror -Wno-long-long -Wno-variadic-macros -Wall    -o CMakeFiles/cmTryCompileExec1664850310.dir/CheckIncludeFiles.c.o   -c /home/surender/Downloads/liquidfun-1.1.0/liquidfun/Box2D/CMakeFiles/CMakeTmp/CheckIncludeFiles.c
Linking C executable cmTryCompileExec1664850310
/usr/bin/cmake -E cmake_link_script CMakeFiles/cmTryCompileExec1664850310.dir/link.txt --verbose=1
/usr/bin/cc   -DDEBUG=0 -Wall -Werror -Wno-long-long -Wno-variadic-macros -Wall     CMakeFiles/cmTryCompileExec1664850310.dir/CheckIncludeFiles.c.o  -o cmTryCompileExec1664850310 -rdynamic 
make[1]: Leaving directory `/home/surender/Downloads/liquidfun-1.1.0/liquidfun/Box2D/CMakeFiles/CMakeTmp'


Determining if files sys/ioctl.h exist passed with the following output:
Change Dir: /home/surender/Downloads/liquidfun-1.1.0/liquidfun/Box2D/CMakeFiles/CMakeTmp

Run Build Command:/usr/bin/make "cmTryCompileExec393497338/fast"
/usr/bin/make -f CMakeFiles/cmTryCompileExec393497338.dir/build.make CMakeFiles/cmTryCompileExec393497338.dir/build
make[1]: Entering directory `/home/surender/Downloads/liquidfun-1.1.0/liquidfun/Box2D/CMakeFiles/CMakeTmp'
/usr/bin/cmake -E cmake_progress_report /home/surender/Downloads/liquidfun-1.1.0/liquidfun/Box2D/CMakeFiles/CMakeTmp/CMakeFiles 1
Building C object CMakeFiles/cmTryCompileExec393497338.dir/CheckIncludeFiles.c.o
/usr/bin/cc   -DDEBUG=0 -Wall -Werror -Wno-long-long -Wno-variadic-macros -Wall    -o CMakeFiles/cmTryCompileExec393497338.dir/CheckIncludeFiles.c.o   -c /home/surender/Downloads/liquidfun-1.1.0/liquidfun/Box2D/CMakeFiles/CMakeTmp/CheckIncludeFiles.c
Linking C executable cmTryCompileExec393497338
/usr/bin/cmake -E cmake_link_script CMakeFiles/cmTryCompileExec393497338.dir/link.txt --verbose=1
/usr/bin/cc   -DDEBUG=0 -Wall -Werror -Wno-long-long -Wno-variadic-macros -Wall     CMakeFiles/cmTryCompileExec393497338.dir/CheckIncludeFiles.c.o  -o cmTryCompileExec393497338 -rdynamic 
make[1]: Leaving directory `/home/surender/Downloads/liquidfun-1.1.0/liquidfun/Box2D/CMakeFiles/CMakeTmp'


Determining if files fcntl.h exist passed with the following output:
Change Dir: /home/surender/Downloads/liquidfun-1.1.0/liquidfun/Box2D/CMakeFiles/CMakeTmp

Run Build Command:/usr/bin/make "cmTryCompileExec2116010812/fast"
/usr/bin/make -f CMakeFiles/cmTryCompileExec2116010812.dir/build.make CMakeFiles/cmTryCompileExec2116010812.dir/build
make[1]: Entering directory `/home/surender/Downloads/liquidfun-1.1.0/liquidfun/Box2D/CMakeFiles/CMakeTmp'
/usr/bin/cmake -E cmake_progress_report /home/surender/Downloads/liquidfun-1.1.0/liquidfun/Box2D/CMakeFiles/CMakeTmp/CMakeFiles 1
Building C object CMakeFiles/cmTryCompileExec2116010812.dir/CheckIncludeFiles.c.o
/usr/bin/cc   -DDEBUG=0 -Wall -Werror -Wno-long-long -Wno-variadic-macros -Wall    -o CMakeFiles/cmTryCompileExec2116010812.dir/CheckIncludeFiles.c.o   -c /home/surender/Downloads/liquidfun-1.1.0/liquidfun/Box2D/CMakeFiles/CMakeTmp/CheckIncludeFiles.c
Linking C executable cmTryCompileExec2116010812
/usr/bin/cmake -E cmake_link_script CMakeFiles/cmTryCompileExec2116010812.dir/link.txt --verbose=1
/usr/bin/cc   -DDEBUG=0 -Wall -Werror -Wno-long-long -Wno-variadic-macros -Wall     CMakeFiles/cmTryCompileExec2116010812.dir/CheckIncludeFiles.c.o  -o cmTryCompileExec2116010812 -rdynamic 
make[1]: Leaving directory `/home/surender/Downloads/liquidfun-1.1.0/liquidfun/Box2D/CMakeFiles/CMakeTmp'


Determining if files errno.h exist passed with the following output:
Change Dir: /home/surender/Downloads/liquidfun-1.1.0/liquidfun/Box2D/CMakeFiles/CMakeTmp

Run Build Command:/usr/bin/make "cmTryCompileExec3534705956/fast"
/usr/bin/make -f CMakeFiles/cmTryCompileExec3534705956.dir/build.make CMakeFiles/cmTryCompileExec3534705956.dir/build
make[1]: Entering directory `/home/surender/Downloads/liquidfun-1.1.0/liquidfun/Box2D/CMakeFiles/CMakeTmp'
/usr/bin/cmake -E cmake_progress_report /home/surender/Downloads/liquidfun-1.1.0/liquidfun/Box2D/CMakeFiles/CMakeTmp/CMakeFiles 1
Building C object CMakeFiles/cmTryCompileExec3534705956.dir/CheckIncludeFiles.c.o
/usr/bin/cc   -DDEBUG=0 -Wall -Werror -Wno-long-long -Wno-variadic-macros -Wall    -o CMakeFiles/cmTryCompileExec3534705956.dir/CheckIncludeFiles.c.o   -c /home/surender/Downloads/liquidfun-1.1.0/liquidfun/Box2D/CMakeFiles/CMakeTmp/CheckIncludeFiles.c
Linking C executable cmTryCompileExec3534705956
/usr/bin/cmake -E cmake_link_script CMakeFiles/cmTryCompileExec3534705956.dir/link.txt --verbose=1
/usr/bin/cc   -DDEBUG=0 -Wall -Werror -Wno-long-long -Wno-variadic-macros -Wall     CMakeFiles/cmTryCompileExec3534705956.dir/CheckIncludeFiles.c.o  -o cmTryCompileExec3534705956 -rdynamic 
make[1]: Leaving directory `/home/surender/Downloads/liquidfun-1.1.0/liquidfun/Box2D/CMakeFiles/CMakeTmp'


Determining if the function gettimeofday exists passed with the following output:
Change Dir: /home/surender/Downloads/liquidfun-1.1.0/liquidfun/Box2D/CMakeFiles/CMakeTmp

Run Build Command:/usr/bin/make "cmTryCompileExec2465945795/fast"
/usr/bin/make -f CMakeFiles/cmTryCompileExec2465945795.dir/build.make CMakeFiles/cmTryCompileExec2465945795.dir/build
make[1]: Entering directory `/home/surender/Downloads/liquidfun-1.1.0/liquidfun/Box2D/CMakeFiles/CMakeTmp'
/usr/bin/cmake -E cmake_progress_report /home/surender/Downloads/liquidfun-1.1.0/liquidfun/Box2D/CMakeFiles/CMakeTmp/CMakeFiles 1
Building C object CMakeFiles/cmTryCompileExec2465945795.dir/CheckFunctionExists.c.o
/usr/bin/cc   -DDEBUG=0 -Wall -Werror -Wno-long-long -Wno-variadic-macros -Wall -DCHECK_FUNCTION_EXISTS=gettimeofday   -o CMakeFiles/cmTryCompileExec2465945795.dir/CheckFunctionExists.c.o   -c /usr/share/cmake-2.8/Modules/CheckFunctionExists.c
Linking C executable cmTryCompileExec2465945795
/usr/bin/cmake -E cmake_link_script CMakeFiles/cmTryCompileExec2465945795.dir/link.txt --verbose=1
/usr/bin/cc   -DDEBUG=0 -Wall -Werror -Wno-long-long -Wno-variadic-macros -Wall -DCHECK_FUNCTION_EXISTS=gettimeofday    CMakeFiles/cmTryCompileExec2465945795.dir/CheckFunctionExists.c.o  -o cmTryCompileExec2465945795 -rdynamic -lm 
make[1]: Leaving directory `/home/surender/Downloads/liquidfun-1.1.0/liquidfun/Box2D/CMakeFiles/CMakeTmp'


Determining if files stdint.h exist passed with the following output:
Change Dir: /home/surender/Downloads/liquidfun-1.1.0/liquidfun/Box2D/CMakeFiles/CMakeTmp

Run Build Command:/usr/bin/make "cmTryCompileExec4146855532/fast"
/usr/bin/make -f CMakeFiles/cmTryCompileExec4146855532.dir/build.make CMakeFiles/cmTryCompileExec4146855532.dir/build
make[1]: Entering directory `/home/surender/Downloads/liquidfun-1.1.0/liquidfun/Box2D/CMakeFiles/CMakeTmp'
/usr/bin/cmake -E cmake_progress_report /home/surender/Downloads/liquidfun-1.1.0/liquidfun/Box2D/CMakeFiles/CMakeTmp/CMakeFiles 1
Building C object CMakeFiles/cmTryCompileExec4146855532.dir/CheckIncludeFiles.c.o
/usr/bin/cc   -DDEBUG=0 -Wall -Werror -Wno-long-long -Wno-variadic-macros -Wall    -o CMakeFiles/cmTryCompileExec4146855532.dir/CheckIncludeFiles.c.o   -c /home/surender/Downloads/liquidfun-1.1.0/liquidfun/Box2D/CMakeFiles/CMakeTmp/CheckIncludeFiles.c
Linking C executable cmTryCompileExec4146855532
/usr/bin/cmake -E cmake_link_script CMakeFiles/cmTryCompileExec4146855532.dir/link.txt --verbose=1
/usr/bin/cc   -DDEBUG=0 -Wall -Werror -Wno-long-long -Wno-variadic-macros -Wall     CMakeFiles/cmTryCompileExec4146855532.dir/CheckIncludeFiles.c.o  -o cmTryCompileExec4146855532 -rdynamic 
make[1]: Leaving directory `/home/surender/Downloads/liquidfun-1.1.0/liquidfun/Box2D/CMakeFiles/CMakeTmp'


Determining if files inttypes.h exist passed with the following output:
Change Dir: /home/surender/Downloads/liquidfun-1.1.0/liquidfun/Box2D/CMakeFiles/CMakeTmp

Run Build Command:/usr/bin/make "cmTryCompileExec3545945399/fast"
/usr/bin/make -f CMakeFiles/cmTryCompileExec3545945399.dir/build.make CMakeFiles/cmTryCompileExec3545945399.dir/build
make[1]: Entering directory `/home/surender/Downloads/liquidfun-1.1.0/liquidfun/Box2D/CMakeFiles/CMakeTmp'
/usr/bin/cmake -E cmake_progress_report /home/surender/Downloads/liquidfun-1.1.0/liquidfun/Box2D/CMakeFiles/CMakeTmp/CMakeFiles 1
Building C object CMakeFiles/cmTryCompileExec3545945399.dir/CheckIncludeFiles.c.o
/usr/bin/cc   -DDEBUG=0 -Wall -Werror -Wno-long-long -Wno-variadic-macros -Wall    -o CMakeFiles/cmTryCompileExec3545945399.dir/CheckIncludeFiles.c.o   -c /home/surender/Downloads/liquidfun-1.1.0/liquidfun/Box2D/CMakeFiles/CMakeTmp/CheckIncludeFiles.c
Linking C executable cmTryCompileExec3545945399
/usr/bin/cmake -E cmake_link_script CMakeFiles/cmTryCompileExec3545945399.dir/link.txt --verbose=1
/usr/bin/cc   -DDEBUG=0 -Wall -Werror -Wno-long-long -Wno-variadic-macros -Wall     CMakeFiles/cmTryCompileExec3545945399.dir/CheckIncludeFiles.c.o  -o cmTryCompileExec3545945399 -rdynamic 
make[1]: Leaving directory `/home/surender/Downloads/liquidfun-1.1.0/liquidfun/Box2D/CMakeFiles/CMakeTmp'


Determining if files pthread.h exist passed with the following output:
Change Dir: /home/surender/Downloads/liquidfun-1.1.0/liquidfun/Box2D/CMakeFiles/CMakeTmp

Run Build Command:/usr/bin/make "cmTryCompileExec1186925094/fast"
/usr/bin/make -f CMakeFiles/cmTryCompileExec1186925094.dir/build.make CMakeFiles/cmTryCompileExec1186925094.dir/build
make[1]: Entering directory `/home/surender/Downloads/liquidfun-1.1.0/liquidfun/Box2D/CMakeFiles/CMakeTmp'
/usr/bin/cmake -E cmake_progress_report /home/surender/Downloads/liquidfun-1.1.0/liquidfun/Box2D/CMakeFiles/CMakeTmp/CMakeFiles 1
Building C object CMakeFiles/cmTryCompileExec1186925094.dir/CheckIncludeFiles.c.o
/usr/bin/cc   -DDEBUG=0 -Wall -Werror -Wno-long-long -Wno-variadic-macros    -o CMakeFiles/cmTryCompileExec1186925094.dir/CheckIncludeFiles.c.o   -c /home/surender/Downloads/liquidfun-1.1.0/liquidfun/Box2D/CMakeFiles/CMakeTmp/CheckIncludeFiles.c
Linking C executable cmTryCompileExec1186925094
/usr/bin/cmake -E cmake_link_script CMakeFiles/cmTryCompileExec1186925094.dir/link.txt --verbose=1
/usr/bin/cc   -DDEBUG=0 -Wall -Werror -Wno-long-long -Wno-variadic-macros     CMakeFiles/cmTryCompileExec1186925094.dir/CheckIncludeFiles.c.o  -o cmTryCompileExec1186925094 -rdynamic 
make[1]: Leaving directory `/home/surender/Downloads/liquidfun-1.1.0/liquidfun/Box2D/CMakeFiles/CMakeTmp'


Determining if the function pthread_create exists in the pthread passed with the following output:
Change Dir: /home/surender/Downloads/liquidfun-1.1.0/liquidfun/Box2D/CMakeFiles/CMakeTmp

Run Build Command:/usr/bin/make "cmTryCompileExec200793819/fast"
/usr/bin/make -f CMakeFiles/cmTryCompileExec200793819.dir/build.make CMakeFiles/cmTryCompileExec200793819.dir/build
make[1]: Entering directory `/home/surender/Downloads/liquidfun-1.1.0/liquidfun/Box2D/CMakeFiles/CMakeTmp'
/usr/bin/cmake -E cmake_progress_report /home/surender/Downloads/liquidfun-1.1.0/liquidfun/Box2D/CMakeFiles/CMakeTmp/CMakeFiles 1
Building C object CMakeFiles/cmTryCompileExec200793819.dir/CheckFunctionExists.c.o
/usr/bin/cc   -DDEBUG=0 -Wall -Werror -Wno-long-long -Wno-variadic-macros -DCHECK_FUNCTION_EXISTS=pthread_create   -o CMakeFiles/cmTryCompileExec200793819.dir/CheckFunctionExists.c.o   -c /usr/share/cmake-2.8/Modules/CheckFunctionExists.c
Linking C executable cmTryCompileExec200793819
/usr/bin/cmake -E cmake_link_script CMakeFiles/cmTryCompileExec200793819.dir/link.txt --verbose=1
/usr/bin/cc   -DDEBUG=0 -Wall -Werror -Wno-long-long -Wno-variadic-macros -DCHECK_FUNCTION_EXISTS=pthread_create    CMakeFiles/cmTryCompileExec200793819.dir/CheckFunctionExists.c.o  -o cmTryCompileExec200793819 -rdynamic -lpthread 
make[1]: Leaving directory `/home/surender/Downloads/liquidfun-1.1.0/liquidfun/Box2D/CMakeFiles/CMakeTmp'


