Determining if files usbhid.h exist failed with the following output:
Change Dir: /home/surender/Downloads/liquidfun-1.1.0/liquidfun/Box2D/CMakeFiles/CMakeTmp

Run Build Command:/usr/bin/make "cmTryCompileExec1085089654/fast"
/usr/bin/make -f CMakeFiles/cmTryCompileExec1085089654.dir/build.make CMakeFiles/cmTryCompileExec1085089654.dir/build
make[1]: Entering directory `/home/surender/Downloads/liquidfun-1.1.0/liquidfun/Box2D/CMakeFiles/CMakeTmp'
/usr/bin/cmake -E cmake_progress_report /home/surender/Downloads/liquidfun-1.1.0/liquidfun/Box2D/CMakeFiles/CMakeTmp/CMakeFiles 1
Building C object CMakeFiles/cmTryCompileExec1085089654.dir/CheckIncludeFiles.c.o
/usr/bin/cc   -DDEBUG=0 -Wall -Werror -Wno-long-long -Wno-variadic-macros -Wall    -o CMakeFiles/cmTryCompileExec1085089654.dir/CheckIncludeFiles.c.o   -c /home/surender/Downloads/liquidfun-1.1.0/liquidfun/Box2D/CMakeFiles/CMakeTmp/CheckIncludeFiles.c
/home/surender/Downloads/liquidfun-1.1.0/liquidfun/Box2D/CMakeFiles/CMakeTmp/CheckIncludeFiles.c:2:20: fatal error: usbhid.h: No such file or directory
 #include <usbhid.h>
                    ^
compilation terminated.
make[1]: Leaving directory `/home/surender/Downloads/liquidfun-1.1.0/liquidfun/Box2D/CMakeFiles/CMakeTmp'
make[1]: *** [CMakeFiles/cmTryCompileExec1085089654.dir/CheckIncludeFiles.c.o] Error 1
make: *** [cmTryCompileExec1085089654/fast] Error 2

Source:
/* */
#include <usbhid.h>


int main(){return 0;}

Determining if the function vfprintf exists failed with the following output:
Change Dir: /home/surender/Downloads/liquidfun-1.1.0/liquidfun/Box2D/CMakeFiles/CMakeTmp

Run Build Command:/usr/bin/make "cmTryCompileExec2863821499/fast"
/usr/bin/make -f CMakeFiles/cmTryCompileExec2863821499.dir/build.make CMakeFiles/cmTryCompileExec2863821499.dir/build
make[1]: Entering directory `/home/surender/Downloads/liquidfun-1.1.0/liquidfun/Box2D/CMakeFiles/CMakeTmp'
/usr/bin/cmake -E cmake_progress_report /home/surender/Downloads/liquidfun-1.1.0/liquidfun/Box2D/CMakeFiles/CMakeTmp/CMakeFiles 1
Building C object CMakeFiles/cmTryCompileExec2863821499.dir/CheckFunctionExists.c.o
/usr/bin/cc   -DDEBUG=0 -Wall -Werror -Wno-long-long -Wno-variadic-macros -Wall -DCHECK_FUNCTION_EXISTS=vfprintf   -o CMakeFiles/cmTryCompileExec2863821499.dir/CheckFunctionExists.c.o   -c /usr/share/cmake-2.8/Modules/CheckFunctionExists.c
<command-line>:0:23: error: conflicting types for built-in function ‘vfprintf’ [-Werror]
/usr/share/cmake-2.8/Modules/CheckFunctionExists.c:3:6: note: in expansion of macro ‘CHECK_FUNCTION_EXISTS’
 char CHECK_FUNCTION_EXISTS();
      ^
cc1: all warnings being treated as errors
make[1]: Leaving directory `/home/surender/Downloads/liquidfun-1.1.0/liquidfun/Box2D/CMakeFiles/CMakeTmp'
make[1]: *** [CMakeFiles/cmTryCompileExec2863821499.dir/CheckFunctionExists.c.o] Error 1
make: *** [cmTryCompileExec2863821499/fast] Error 2


Determining if the function _doprnt exists failed with the following output:
Change Dir: /home/surender/Downloads/liquidfun-1.1.0/liquidfun/Box2D/CMakeFiles/CMakeTmp

Run Build Command:/usr/bin/make "cmTryCompileExec3748232400/fast"
/usr/bin/make -f CMakeFiles/cmTryCompileExec3748232400.dir/build.make CMakeFiles/cmTryCompileExec3748232400.dir/build
make[1]: Entering directory `/home/surender/Downloads/liquidfun-1.1.0/liquidfun/Box2D/CMakeFiles/CMakeTmp'
/usr/bin/cmake -E cmake_progress_report /home/surender/Downloads/liquidfun-1.1.0/liquidfun/Box2D/CMakeFiles/CMakeTmp/CMakeFiles 1
Building C object CMakeFiles/cmTryCompileExec3748232400.dir/CheckFunctionExists.c.o
/usr/bin/cc   -DDEBUG=0 -Wall -Werror -Wno-long-long -Wno-variadic-macros -Wall -DCHECK_FUNCTION_EXISTS=_doprnt   -o CMakeFiles/cmTryCompileExec3748232400.dir/CheckFunctionExists.c.o   -c /usr/share/cmake-2.8/Modules/CheckFunctionExists.c
Linking C executable cmTryCompileExec3748232400
/usr/bin/cmake -E cmake_link_script CMakeFiles/cmTryCompileExec3748232400.dir/link.txt --verbose=1
/usr/bin/cc   -DDEBUG=0 -Wall -Werror -Wno-long-long -Wno-variadic-macros -Wall -DCHECK_FUNCTION_EXISTS=_doprnt    CMakeFiles/cmTryCompileExec3748232400.dir/CheckFunctionExists.c.o  -o cmTryCompileExec3748232400 -rdynamic -lm 
CMakeFiles/cmTryCompileExec3748232400.dir/CheckFunctionExists.c.o: In function `main':
CheckFunctionExists.c:(.text+0x15): undefined reference to `_doprnt'
collect2: error: ld returned 1 exit status
make[1]: *** [cmTryCompileExec3748232400] Error 1
make[1]: Leaving directory `/home/surender/Downloads/liquidfun-1.1.0/liquidfun/Box2D/CMakeFiles/CMakeTmp'
make: *** [cmTryCompileExec3748232400/fast] Error 2


Determining if the function XParseGeometry exists failed with the following output:
Change Dir: /home/surender/Downloads/liquidfun-1.1.0/liquidfun/Box2D/CMakeFiles/CMakeTmp

Run Build Command:/usr/bin/make "cmTryCompileExec902954932/fast"
/usr/bin/make -f CMakeFiles/cmTryCompileExec902954932.dir/build.make CMakeFiles/cmTryCompileExec902954932.dir/build
make[1]: Entering directory `/home/surender/Downloads/liquidfun-1.1.0/liquidfun/Box2D/CMakeFiles/CMakeTmp'
/usr/bin/cmake -E cmake_progress_report /home/surender/Downloads/liquidfun-1.1.0/liquidfun/Box2D/CMakeFiles/CMakeTmp/CMakeFiles 1
Building C object CMakeFiles/cmTryCompileExec902954932.dir/CheckFunctionExists.c.o
/usr/bin/cc   -DDEBUG=0 -Wall -Werror -Wno-long-long -Wno-variadic-macros -Wall -DCHECK_FUNCTION_EXISTS=XParseGeometry   -o CMakeFiles/cmTryCompileExec902954932.dir/CheckFunctionExists.c.o   -c /usr/share/cmake-2.8/Modules/CheckFunctionExists.c
Linking C executable cmTryCompileExec902954932
/usr/bin/cmake -E cmake_link_script CMakeFiles/cmTryCompileExec902954932.dir/link.txt --verbose=1
/usr/bin/cc   -DDEBUG=0 -Wall -Werror -Wno-long-long -Wno-variadic-macros -Wall -DCHECK_FUNCTION_EXISTS=XParseGeometry    CMakeFiles/cmTryCompileExec902954932.dir/CheckFunctionExists.c.o  -o cmTryCompileExec902954932 -rdynamic -lm 
CMakeFiles/cmTryCompileExec902954932.dir/CheckFunctionExists.c.o: In function `main':
CheckFunctionExists.c:(.text+0x15): undefined reference to `XParseGeometry'
collect2: error: ld returned 1 exit status
make[1]: Leaving directory `/home/surender/Downloads/liquidfun-1.1.0/liquidfun/Box2D/CMakeFiles/CMakeTmp'
make[1]: *** [cmTryCompileExec902954932] Error 1
make: *** [cmTryCompileExec902954932/fast] Error 2


Determining if the pthread_create exist failed with the following output:
Change Dir: /home/surender/Downloads/liquidfun-1.1.0/liquidfun/Box2D/CMakeFiles/CMakeTmp

Run Build Command:/usr/bin/make "cmTryCompileExec2711554162/fast"
/usr/bin/make -f CMakeFiles/cmTryCompileExec2711554162.dir/build.make CMakeFiles/cmTryCompileExec2711554162.dir/build
make[1]: Entering directory `/home/surender/Downloads/liquidfun-1.1.0/liquidfun/Box2D/CMakeFiles/CMakeTmp'
/usr/bin/cmake -E cmake_progress_report /home/surender/Downloads/liquidfun-1.1.0/liquidfun/Box2D/CMakeFiles/CMakeTmp/CMakeFiles 1
Building C object CMakeFiles/cmTryCompileExec2711554162.dir/CheckSymbolExists.c.o
/usr/bin/cc   -DDEBUG=0 -Wall -Werror -Wno-long-long -Wno-variadic-macros    -o CMakeFiles/cmTryCompileExec2711554162.dir/CheckSymbolExists.c.o   -c /home/surender/Downloads/liquidfun-1.1.0/liquidfun/Box2D/CMakeFiles/CMakeTmp/CheckSymbolExists.c
Linking C executable cmTryCompileExec2711554162
/usr/bin/cmake -E cmake_link_script CMakeFiles/cmTryCompileExec2711554162.dir/link.txt --verbose=1
/usr/bin/cc   -DDEBUG=0 -Wall -Werror -Wno-long-long -Wno-variadic-macros     CMakeFiles/cmTryCompileExec2711554162.dir/CheckSymbolExists.c.o  -o cmTryCompileExec2711554162 -rdynamic 
CMakeFiles/cmTryCompileExec2711554162.dir/CheckSymbolExists.c.o: In function `main':
CheckSymbolExists.c:(.text+0x16): undefined reference to `pthread_create'
collect2: error: ld returned 1 exit status
make[1]: Leaving directory `/home/surender/Downloads/liquidfun-1.1.0/liquidfun/Box2D/CMakeFiles/CMakeTmp'
make[1]: *** [cmTryCompileExec2711554162] Error 1
make: *** [cmTryCompileExec2711554162/fast] Error 2

File /home/surender/Downloads/liquidfun-1.1.0/liquidfun/Box2D/CMakeFiles/CMakeTmp/CheckSymbolExists.c:
/* */
#include <pthread.h>

int main(int argc, char** argv)
{
  (void)argv;
#ifndef pthread_create
  return ((int*)(&pthread_create))[argc];
#else
  (void)argc;
  return 0;
#endif
}

Determining if the function pthread_create exists in the pthreads failed with the following output:
Change Dir: /home/surender/Downloads/liquidfun-1.1.0/liquidfun/Box2D/CMakeFiles/CMakeTmp

Run Build Command:/usr/bin/make "cmTryCompileExec560472403/fast"
/usr/bin/make -f CMakeFiles/cmTryCompileExec560472403.dir/build.make CMakeFiles/cmTryCompileExec560472403.dir/build
make[1]: Entering directory `/home/surender/Downloads/liquidfun-1.1.0/liquidfun/Box2D/CMakeFiles/CMakeTmp'
/usr/bin/cmake -E cmake_progress_report /home/surender/Downloads/liquidfun-1.1.0/liquidfun/Box2D/CMakeFiles/CMakeTmp/CMakeFiles 1
Building C object CMakeFiles/cmTryCompileExec560472403.dir/CheckFunctionExists.c.o
/usr/bin/cc   -DDEBUG=0 -Wall -Werror -Wno-long-long -Wno-variadic-macros -DCHECK_FUNCTION_EXISTS=pthread_create   -o CMakeFiles/cmTryCompileExec560472403.dir/CheckFunctionExists.c.o   -c /usr/share/cmake-2.8/Modules/CheckFunctionExists.c
Linking C executable cmTryCompileExec560472403
/usr/bin/cmake -E cmake_link_script CMakeFiles/cmTryCompileExec560472403.dir/link.txt --verbose=1
/usr/bin/cc   -DDEBUG=0 -Wall -Werror -Wno-long-long -Wno-variadic-macros -DCHECK_FUNCTION_EXISTS=pthread_create    CMakeFiles/cmTryCompileExec560472403.dir/CheckFunctionExists.c.o  -o cmTryCompileExec560472403 -rdynamic -lpthreads 
/usr/bin/ld: cannot find -lpthreads
collect2: error: ld returned 1 exit status
make[1]: Leaving directory `/home/surender/Downloads/liquidfun-1.1.0/liquidfun/Box2D/CMakeFiles/CMakeTmp'
make[1]: *** [cmTryCompileExec560472403] Error 1
make: *** [cmTryCompileExec560472403/fast] Error 2


